<?xml version="1.0" encoding="UTF-8" ?>
<testsuite tests="2114" failures="0" name="RegressionTest" time="0.312" errors="0" skipped="0">
  <properties>
    <property name="java.runtime.name" value="OpenJDK Runtime Environment"/>
    <property name="sun.boot.library.path" value="/Library/Java/JavaVirtualMachines/adoptopenjdk-8.jdk/Contents/Home/jre/lib"/>
    <property name="java.vm.version" value="25.212-b04"/>
    <property name="gopherProxySet" value="false"/>
    <property name="java.vm.vendor" value="AdoptOpenJDK"/>
    <property name="maven.multiModuleProjectDirectory" value="/Users/asdolo/Desktop/Ingsoft2-backup/taller-3/stackar"/>
    <property name="java.vendor.url" value="http://java.oracle.com/"/>
    <property name="path.separator" value=":"/>
    <property name="guice.disable.misplaced.annotation.check" value="true"/>
    <property name="java.vm.name" value="OpenJDK 64-Bit Server VM"/>
    <property name="file.encoding.pkg" value="sun.io"/>
    <property name="user.country" value="AR"/>
    <property name="sun.java.launcher" value="SUN_STANDARD"/>
    <property name="sun.os.patch.level" value="unknown"/>
    <property name="java.vm.specification.name" value="Java Virtual Machine Specification"/>
    <property name="user.dir" value="/Users/asdolo/Desktop/Ingsoft2-backup/taller-3/stackar"/>
    <property name="java.runtime.version" value="1.8.0_212-b04"/>
    <property name="java.awt.graphicsenv" value="sun.awt.CGraphicsEnvironment"/>
    <property name="java.endorsed.dirs" value="/Library/Java/JavaVirtualMachines/adoptopenjdk-8.jdk/Contents/Home/jre/lib/endorsed"/>
    <property name="os.arch" value="x86_64"/>
    <property name="java.io.tmpdir" value="/var/folders/vz/14yfxv1x0z7_w1p39yqw5b9r0000gn/T/"/>
    <property name="line.separator" value="
"/>
    <property name="java.vm.specification.vendor" value="Oracle Corporation"/>
    <property name="os.name" value="Mac OS X"/>
    <property name="classworlds.conf" value="/Users/asdolo/Downloads/apache-maven-3.6.3/bin/m2.conf"/>
    <property name="sun.jnu.encoding" value="UTF-8"/>
    <property name="java.library.path" value="/Users/asdolo/Library/Java/Extensions:/Library/Java/Extensions:/Network/Library/Java/Extensions:/System/Library/Java/Extensions:/usr/lib/java:."/>
    <property name="maven.conf" value="/Users/asdolo/Downloads/apache-maven-3.6.3/conf"/>
    <property name="java.specification.name" value="Java Platform API Specification"/>
    <property name="java.class.version" value="52.0"/>
    <property name="sun.management.compiler" value="HotSpot 64-Bit Tiered Compilers"/>
    <property name="os.version" value="10.15.4"/>
    <property name="library.jansi.path" value="/Users/asdolo/Downloads/apache-maven-3.6.3/lib/jansi-native"/>
    <property name="http.nonProxyHosts" value="local|*.local|169.254/16|*.169.254/16"/>
    <property name="user.home" value="/Users/asdolo"/>
    <property name="user.timezone" value="America/Argentina/Buenos_Aires"/>
    <property name="java.awt.printerjob" value="sun.lwawt.macosx.CPrinterJob"/>
    <property name="java.specification.version" value="1.8"/>
    <property name="file.encoding" value="UTF-8"/>
    <property name="user.name" value="asdolo"/>
    <property name="java.class.path" value="/Users/asdolo/Downloads/apache-maven-3.6.3/boot/plexus-classworlds-2.6.0.jar"/>
    <property name="java.vm.specification.version" value="1.8"/>
    <property name="sun.arch.data.model" value="64"/>
    <property name="java.home" value="/Library/Java/JavaVirtualMachines/adoptopenjdk-8.jdk/Contents/Home/jre"/>
    <property name="sun.java.command" value="org.codehaus.plexus.classworlds.launcher.Launcher clean install org.pitest:pitest-maven:mutationCoverage"/>
    <property name="java.specification.vendor" value="Oracle Corporation"/>
    <property name="user.language" value="en"/>
    <property name="awt.toolkit" value="sun.lwawt.macosx.LWCToolkit"/>
    <property name="java.vm.info" value="mixed mode"/>
    <property name="java.version" value="1.8.0_212"/>
    <property name="java.ext.dirs" value="/Users/asdolo/Library/Java/Extensions:/Library/Java/JavaVirtualMachines/adoptopenjdk-8.jdk/Contents/Home/jre/lib/ext:/Library/Java/Extensions:/Network/Library/Java/Extensions:/System/Library/Java/Extensions:/usr/lib/java"/>
    <property name="sun.boot.class.path" value="/Library/Java/JavaVirtualMachines/adoptopenjdk-8.jdk/Contents/Home/jre/lib/resources.jar:/Library/Java/JavaVirtualMachines/adoptopenjdk-8.jdk/Contents/Home/jre/lib/rt.jar:/Library/Java/JavaVirtualMachines/adoptopenjdk-8.jdk/Contents/Home/jre/lib/sunrsasign.jar:/Library/Java/JavaVirtualMachines/adoptopenjdk-8.jdk/Contents/Home/jre/lib/jsse.jar:/Library/Java/JavaVirtualMachines/adoptopenjdk-8.jdk/Contents/Home/jre/lib/jce.jar:/Library/Java/JavaVirtualMachines/adoptopenjdk-8.jdk/Contents/Home/jre/lib/charsets.jar:/Library/Java/JavaVirtualMachines/adoptopenjdk-8.jdk/Contents/Home/jre/lib/jfr.jar:/Library/Java/JavaVirtualMachines/adoptopenjdk-8.jdk/Contents/Home/jre/classes"/>
    <property name="java.vendor" value="AdoptOpenJDK"/>
    <property name="maven.home" value="/Users/asdolo/Downloads/apache-maven-3.6.3"/>
    <property name="file.separator" value="/"/>
    <property name="java.vendor.url.bug" value="http://bugreport.sun.com/bugreport/"/>
    <property name="sun.cpu.endian" value="little"/>
    <property name="sun.io.unicode.encoding" value="UnicodeBig"/>
    <property name="socksNonProxyHosts" value="local|*.local|169.254/16|*.169.254/16"/>
    <property name="ftp.nonProxyHosts" value="local|*.local|169.254/16|*.169.254/16"/>
    <property name="sun.cpu.isalist" value=""/>
  </properties>
  <testcase classname="RegressionTest0" name="test0001" time="0.003"/>
  <testcase classname="RegressionTest0" name="test0002" time="0"/>
  <testcase classname="RegressionTest0" name="test0003" time="0"/>
  <testcase classname="RegressionTest0" name="test0004" time="0"/>
  <testcase classname="RegressionTest0" name="test0005" time="0"/>
  <testcase classname="RegressionTest0" name="test0006" time="0"/>
  <testcase classname="RegressionTest0" name="test0007" time="0"/>
  <testcase classname="RegressionTest0" name="test0008" time="0"/>
  <testcase classname="RegressionTest0" name="test0009" time="0"/>
  <testcase classname="RegressionTest0" name="test0010" time="0.002"/>
  <testcase classname="RegressionTest0" name="test0011" time="0.001"/>
  <testcase classname="RegressionTest0" name="test0012" time="0.001"/>
  <testcase classname="RegressionTest0" name="test0013" time="0"/>
  <testcase classname="RegressionTest0" name="test0014" time="0"/>
  <testcase classname="RegressionTest0" name="test0015" time="0"/>
  <testcase classname="RegressionTest0" name="test0016" time="0"/>
  <testcase classname="RegressionTest0" name="test0017" time="0"/>
  <testcase classname="RegressionTest0" name="test0018" time="0.001"/>
  <testcase classname="RegressionTest0" name="test0019" time="0"/>
  <testcase classname="RegressionTest0" name="test0020" time="0"/>
  <testcase classname="RegressionTest0" name="test0021" time="0"/>
  <testcase classname="RegressionTest0" name="test0022" time="0"/>
  <testcase classname="RegressionTest0" name="test0023" time="0"/>
  <testcase classname="RegressionTest0" name="test0024" time="0"/>
  <testcase classname="RegressionTest0" name="test0025" time="0.001"/>
  <testcase classname="RegressionTest0" name="test0026" time="0"/>
  <testcase classname="RegressionTest0" name="test0027" time="0"/>
  <testcase classname="RegressionTest0" name="test0028" time="0"/>
  <testcase classname="RegressionTest0" name="test0029" time="0"/>
  <testcase classname="RegressionTest0" name="test0030" time="0"/>
  <testcase classname="RegressionTest0" name="test0031" time="0"/>
  <testcase classname="RegressionTest0" name="test0032" time="0"/>
  <testcase classname="RegressionTest0" name="test0033" time="0"/>
  <testcase classname="RegressionTest0" name="test0034" time="0"/>
  <testcase classname="RegressionTest0" name="test0035" time="0"/>
  <testcase classname="RegressionTest0" name="test0036" time="0"/>
  <testcase classname="RegressionTest0" name="test0037" time="0"/>
  <testcase classname="RegressionTest0" name="test0038" time="0"/>
  <testcase classname="RegressionTest0" name="test0039" time="0"/>
  <testcase classname="RegressionTest0" name="test0040" time="0"/>
  <testcase classname="RegressionTest0" name="test0041" time="0"/>
  <testcase classname="RegressionTest0" name="test0042" time="0"/>
  <testcase classname="RegressionTest0" name="test0043" time="0"/>
  <testcase classname="RegressionTest0" name="test0044" time="0"/>
  <testcase classname="RegressionTest0" name="test0045" time="0"/>
  <testcase classname="RegressionTest0" name="test0046" time="0"/>
  <testcase classname="RegressionTest0" name="test0047" time="0.001"/>
  <testcase classname="RegressionTest0" name="test0048" time="0"/>
  <testcase classname="RegressionTest0" name="test0049" time="0"/>
  <testcase classname="RegressionTest0" name="test0050" time="0"/>
  <testcase classname="RegressionTest0" name="test0051" time="0"/>
  <testcase classname="RegressionTest0" name="test0052" time="0"/>
  <testcase classname="RegressionTest0" name="test0053" time="0.001"/>
  <testcase classname="RegressionTest0" name="test0054" time="0"/>
  <testcase classname="RegressionTest0" name="test0055" time="0"/>
  <testcase classname="RegressionTest0" name="test0056" time="0"/>
  <testcase classname="RegressionTest0" name="test0057" time="0"/>
  <testcase classname="RegressionTest0" name="test0058" time="0"/>
  <testcase classname="RegressionTest0" name="test0059" time="0.001"/>
  <testcase classname="RegressionTest0" name="test0060" time="0.001"/>
  <testcase classname="RegressionTest0" name="test0061" time="0"/>
  <testcase classname="RegressionTest0" name="test0062" time="0"/>
  <testcase classname="RegressionTest0" name="test0063" time="0"/>
  <testcase classname="RegressionTest0" name="test0064" time="0"/>
  <testcase classname="RegressionTest0" name="test0065" time="0.001"/>
  <testcase classname="RegressionTest0" name="test0066" time="0"/>
  <testcase classname="RegressionTest0" name="test0067" time="0"/>
  <testcase classname="RegressionTest0" name="test0068" time="0.001"/>
  <testcase classname="RegressionTest0" name="test0069" time="0"/>
  <testcase classname="RegressionTest0" name="test0070" time="0"/>
  <testcase classname="RegressionTest0" name="test0071" time="0"/>
  <testcase classname="RegressionTest0" name="test0072" time="0.001"/>
  <testcase classname="RegressionTest0" name="test0073" time="0"/>
  <testcase classname="RegressionTest0" name="test0074" time="0"/>
  <testcase classname="RegressionTest0" name="test0075" time="0.001"/>
  <testcase classname="RegressionTest0" name="test0076" time="0"/>
  <testcase classname="RegressionTest0" name="test0077" time="0"/>
  <testcase classname="RegressionTest0" name="test0078" time="0"/>
  <testcase classname="RegressionTest0" name="test0079" time="0"/>
  <testcase classname="RegressionTest0" name="test0080" time="0"/>
  <testcase classname="RegressionTest0" name="test0081" time="0"/>
  <testcase classname="RegressionTest0" name="test0082" time="0"/>
  <testcase classname="RegressionTest0" name="test0083" time="0"/>
  <testcase classname="RegressionTest0" name="test0084" time="0"/>
  <testcase classname="RegressionTest0" name="test0085" time="0"/>
  <testcase classname="RegressionTest0" name="test0086" time="0"/>
  <testcase classname="RegressionTest0" name="test0087" time="0"/>
  <testcase classname="RegressionTest0" name="test0088" time="0"/>
  <testcase classname="RegressionTest0" name="test0089" time="0"/>
  <testcase classname="RegressionTest0" name="test0090" time="0"/>
  <testcase classname="RegressionTest0" name="test0091" time="0"/>
  <testcase classname="RegressionTest0" name="test0092" time="0"/>
  <testcase classname="RegressionTest0" name="test0093" time="0"/>
  <testcase classname="RegressionTest0" name="test0094" time="0"/>
  <testcase classname="RegressionTest0" name="test0095" time="0"/>
  <testcase classname="RegressionTest0" name="test0096" time="0"/>
  <testcase classname="RegressionTest0" name="test0097" time="0"/>
  <testcase classname="RegressionTest0" name="test0098" time="0"/>
  <testcase classname="RegressionTest0" name="test0099" time="0"/>
  <testcase classname="RegressionTest0" name="test0100" time="0"/>
  <testcase classname="RegressionTest0" name="test0101" time="0"/>
  <testcase classname="RegressionTest0" name="test0102" time="0"/>
  <testcase classname="RegressionTest0" name="test0103" time="0"/>
  <testcase classname="RegressionTest0" name="test0104" time="0"/>
  <testcase classname="RegressionTest0" name="test0105" time="0.002"/>
  <testcase classname="RegressionTest0" name="test0106" time="0"/>
  <testcase classname="RegressionTest0" name="test0107" time="0"/>
  <testcase classname="RegressionTest0" name="test0108" time="0"/>
  <testcase classname="RegressionTest0" name="test0109" time="0.005"/>
  <testcase classname="RegressionTest0" name="test0110" time="0.005"/>
  <testcase classname="RegressionTest0" name="test0111" time="0.001"/>
  <testcase classname="RegressionTest0" name="test0112" time="0"/>
  <testcase classname="RegressionTest0" name="test0113" time="0"/>
  <testcase classname="RegressionTest0" name="test0114" time="0"/>
  <testcase classname="RegressionTest0" name="test0115" time="0.001"/>
  <testcase classname="RegressionTest0" name="test0116" time="0"/>
  <testcase classname="RegressionTest0" name="test0117" time="0"/>
  <testcase classname="RegressionTest0" name="test0118" time="0"/>
  <testcase classname="RegressionTest0" name="test0119" time="0"/>
  <testcase classname="RegressionTest0" name="test0120" time="0.009"/>
  <testcase classname="RegressionTest0" name="test0121" time="0.002"/>
  <testcase classname="RegressionTest0" name="test0122" time="0"/>
  <testcase classname="RegressionTest0" name="test0123" time="0.001"/>
  <testcase classname="RegressionTest0" name="test0124" time="0"/>
  <testcase classname="RegressionTest0" name="test0125" time="0"/>
  <testcase classname="RegressionTest0" name="test0126" time="0"/>
  <testcase classname="RegressionTest0" name="test0127" time="0"/>
  <testcase classname="RegressionTest0" name="test0128" time="0"/>
  <testcase classname="RegressionTest0" name="test0129" time="0"/>
  <testcase classname="RegressionTest0" name="test0130" time="0"/>
  <testcase classname="RegressionTest0" name="test0131" time="0"/>
  <testcase classname="RegressionTest0" name="test0132" time="0"/>
  <testcase classname="RegressionTest0" name="test0133" time="0"/>
  <testcase classname="RegressionTest0" name="test0134" time="0"/>
  <testcase classname="RegressionTest0" name="test0135" time="0"/>
  <testcase classname="RegressionTest0" name="test0136" time="0"/>
  <testcase classname="RegressionTest0" name="test0137" time="0"/>
  <testcase classname="RegressionTest0" name="test0138" time="0"/>
  <testcase classname="RegressionTest0" name="test0139" time="0"/>
  <testcase classname="RegressionTest0" name="test0140" time="0"/>
  <testcase classname="RegressionTest0" name="test0141" time="0"/>
  <testcase classname="RegressionTest0" name="test0142" time="0.001"/>
  <testcase classname="RegressionTest0" name="test0143" time="0"/>
  <testcase classname="RegressionTest0" name="test0144" time="0"/>
  <testcase classname="RegressionTest0" name="test0145" time="0"/>
  <testcase classname="RegressionTest0" name="test0146" time="0"/>
  <testcase classname="RegressionTest0" name="test0147" time="0"/>
  <testcase classname="RegressionTest0" name="test0148" time="0"/>
  <testcase classname="RegressionTest0" name="test0149" time="0"/>
  <testcase classname="RegressionTest0" name="test0150" time="0"/>
  <testcase classname="RegressionTest0" name="test0151" time="0"/>
  <testcase classname="RegressionTest0" name="test0152" time="0"/>
  <testcase classname="RegressionTest0" name="test0153" time="0"/>
  <testcase classname="RegressionTest0" name="test0154" time="0.001"/>
  <testcase classname="RegressionTest0" name="test0155" time="0.001"/>
  <testcase classname="RegressionTest0" name="test0156" time="0.001"/>
  <testcase classname="RegressionTest0" name="test0157" time="0"/>
  <testcase classname="RegressionTest0" name="test0158" time="0.004"/>
  <testcase classname="RegressionTest0" name="test0159" time="0"/>
  <testcase classname="RegressionTest0" name="test0160" time="0"/>
  <testcase classname="RegressionTest0" name="test0161" time="0.002"/>
  <testcase classname="RegressionTest0" name="test0162" time="0"/>
  <testcase classname="RegressionTest0" name="test0163" time="0.001"/>
  <testcase classname="RegressionTest0" name="test0164" time="0"/>
  <testcase classname="RegressionTest0" name="test0165" time="0.015"/>
  <testcase classname="RegressionTest0" name="test0166" time="0"/>
  <testcase classname="RegressionTest0" name="test0167" time="0"/>
  <testcase classname="RegressionTest0" name="test0168" time="0"/>
  <testcase classname="RegressionTest0" name="test0169" time="0"/>
  <testcase classname="RegressionTest0" name="test0170" time="0"/>
  <testcase classname="RegressionTest0" name="test0171" time="0"/>
  <testcase classname="RegressionTest0" name="test0172" time="0"/>
  <testcase classname="RegressionTest0" name="test0173" time="0"/>
  <testcase classname="RegressionTest0" name="test0174" time="0"/>
  <testcase classname="RegressionTest0" name="test0175" time="0"/>
  <testcase classname="RegressionTest0" name="test0176" time="0.001"/>
  <testcase classname="RegressionTest0" name="test0177" time="0"/>
  <testcase classname="RegressionTest0" name="test0178" time="0"/>
  <testcase classname="RegressionTest0" name="test0179" time="0"/>
  <testcase classname="RegressionTest0" name="test0180" time="0"/>
  <testcase classname="RegressionTest0" name="test0181" time="0"/>
  <testcase classname="RegressionTest0" name="test0182" time="0"/>
  <testcase classname="RegressionTest0" name="test0183" time="0"/>
  <testcase classname="RegressionTest0" name="test0184" time="0"/>
  <testcase classname="RegressionTest0" name="test0185" time="0"/>
  <testcase classname="RegressionTest0" name="test0186" time="0"/>
  <testcase classname="RegressionTest0" name="test0187" time="0"/>
  <testcase classname="RegressionTest0" name="test0188" time="0"/>
  <testcase classname="RegressionTest0" name="test0189" time="0"/>
  <testcase classname="RegressionTest0" name="test0190" time="0"/>
  <testcase classname="RegressionTest0" name="test0191" time="0"/>
  <testcase classname="RegressionTest0" name="test0192" time="0"/>
  <testcase classname="RegressionTest0" name="test0193" time="0"/>
  <testcase classname="RegressionTest0" name="test0194" time="0"/>
  <testcase classname="RegressionTest0" name="test0195" time="0.01"/>
  <testcase classname="RegressionTest0" name="test0196" time="0"/>
  <testcase classname="RegressionTest0" name="test0197" time="0"/>
  <testcase classname="RegressionTest0" name="test0198" time="0"/>
  <testcase classname="RegressionTest0" name="test0199" time="0"/>
  <testcase classname="RegressionTest0" name="test0200" time="0"/>
  <testcase classname="RegressionTest0" name="test0201" time="0"/>
  <testcase classname="RegressionTest0" name="test0202" time="0.001"/>
  <testcase classname="RegressionTest0" name="test0203" time="0"/>
  <testcase classname="RegressionTest0" name="test0204" time="0.007"/>
  <testcase classname="RegressionTest0" name="test0205" time="0"/>
  <testcase classname="RegressionTest0" name="test0206" time="0"/>
  <testcase classname="RegressionTest0" name="test0207" time="0"/>
  <testcase classname="RegressionTest0" name="test0208" time="0"/>
  <testcase classname="RegressionTest0" name="test0209" time="0"/>
  <testcase classname="RegressionTest0" name="test0210" time="0"/>
  <testcase classname="RegressionTest0" name="test0211" time="0"/>
  <testcase classname="RegressionTest0" name="test0212" time="0"/>
  <testcase classname="RegressionTest0" name="test0213" time="0"/>
  <testcase classname="RegressionTest0" name="test0214" time="0"/>
  <testcase classname="RegressionTest0" name="test0215" time="0"/>
  <testcase classname="RegressionTest0" name="test0216" time="0"/>
  <testcase classname="RegressionTest0" name="test0217" time="0"/>
  <testcase classname="RegressionTest0" name="test0218" time="0.001"/>
  <testcase classname="RegressionTest0" name="test0219" time="0"/>
  <testcase classname="RegressionTest0" name="test0220" time="0"/>
  <testcase classname="RegressionTest0" name="test0221" time="0.001"/>
  <testcase classname="RegressionTest0" name="test0222" time="0"/>
  <testcase classname="RegressionTest0" name="test0223" time="0"/>
  <testcase classname="RegressionTest0" name="test0224" time="0"/>
  <testcase classname="RegressionTest0" name="test0225" time="0"/>
  <testcase classname="RegressionTest0" name="test0226" time="0"/>
  <testcase classname="RegressionTest0" name="test0227" time="0"/>
  <testcase classname="RegressionTest0" name="test0228" time="0"/>
  <testcase classname="RegressionTest0" name="test0229" time="0"/>
  <testcase classname="RegressionTest0" name="test0230" time="0"/>
  <testcase classname="RegressionTest0" name="test0231" time="0"/>
  <testcase classname="RegressionTest0" name="test0232" time="0"/>
  <testcase classname="RegressionTest0" name="test0233" time="0"/>
  <testcase classname="RegressionTest0" name="test0234" time="0"/>
  <testcase classname="RegressionTest0" name="test0235" time="0"/>
  <testcase classname="RegressionTest0" name="test0236" time="0"/>
  <testcase classname="RegressionTest0" name="test0237" time="0"/>
  <testcase classname="RegressionTest0" name="test0238" time="0"/>
  <testcase classname="RegressionTest0" name="test0239" time="0"/>
  <testcase classname="RegressionTest0" name="test0240" time="0"/>
  <testcase classname="RegressionTest0" name="test0241" time="0"/>
  <testcase classname="RegressionTest0" name="test0242" time="0"/>
  <testcase classname="RegressionTest0" name="test0243" time="0"/>
  <testcase classname="RegressionTest0" name="test0244" time="0"/>
  <testcase classname="RegressionTest0" name="test0245" time="0"/>
  <testcase classname="RegressionTest0" name="test0246" time="0"/>
  <testcase classname="RegressionTest0" name="test0247" time="0"/>
  <testcase classname="RegressionTest0" name="test0248" time="0"/>
  <testcase classname="RegressionTest0" name="test0249" time="0"/>
  <testcase classname="RegressionTest0" name="test0250" time="0"/>
  <testcase classname="RegressionTest0" name="test0251" time="0"/>
  <testcase classname="RegressionTest0" name="test0252" time="0"/>
  <testcase classname="RegressionTest0" name="test0253" time="0"/>
  <testcase classname="RegressionTest0" name="test0254" time="0"/>
  <testcase classname="RegressionTest0" name="test0255" time="0"/>
  <testcase classname="RegressionTest0" name="test0256" time="0"/>
  <testcase classname="RegressionTest0" name="test0257" time="0"/>
  <testcase classname="RegressionTest0" name="test0258" time="0"/>
  <testcase classname="RegressionTest0" name="test0259" time="0"/>
  <testcase classname="RegressionTest0" name="test0260" time="0"/>
  <testcase classname="RegressionTest0" name="test0261" time="0"/>
  <testcase classname="RegressionTest0" name="test0262" time="0"/>
  <testcase classname="RegressionTest0" name="test0263" time="0"/>
  <testcase classname="RegressionTest0" name="test0264" time="0"/>
  <testcase classname="RegressionTest0" name="test0265" time="0"/>
  <testcase classname="RegressionTest0" name="test0266" time="0"/>
  <testcase classname="RegressionTest0" name="test0267" time="0.001"/>
  <testcase classname="RegressionTest0" name="test0268" time="0"/>
  <testcase classname="RegressionTest0" name="test0269" time="0"/>
  <testcase classname="RegressionTest0" name="test0270" time="0"/>
  <testcase classname="RegressionTest0" name="test0271" time="0"/>
  <testcase classname="RegressionTest0" name="test0272" time="0"/>
  <testcase classname="RegressionTest0" name="test0273" time="0"/>
  <testcase classname="RegressionTest0" name="test0274" time="0"/>
  <testcase classname="RegressionTest0" name="test0275" time="0"/>
  <testcase classname="RegressionTest0" name="test0276" time="0"/>
  <testcase classname="RegressionTest0" name="test0277" time="0"/>
  <testcase classname="RegressionTest0" name="test0278" time="0"/>
  <testcase classname="RegressionTest0" name="test0279" time="0"/>
  <testcase classname="RegressionTest0" name="test0280" time="0"/>
  <testcase classname="RegressionTest0" name="test0281" time="0"/>
  <testcase classname="RegressionTest0" name="test0282" time="0"/>
  <testcase classname="RegressionTest0" name="test0283" time="0"/>
  <testcase classname="RegressionTest0" name="test0284" time="0"/>
  <testcase classname="RegressionTest0" name="test0285" time="0"/>
  <testcase classname="RegressionTest0" name="test0286" time="0"/>
  <testcase classname="RegressionTest0" name="test0287" time="0"/>
  <testcase classname="RegressionTest0" name="test0288" time="0"/>
  <testcase classname="RegressionTest0" name="test0289" time="0"/>
  <testcase classname="RegressionTest0" name="test0290" time="0"/>
  <testcase classname="RegressionTest0" name="test0291" time="0"/>
  <testcase classname="RegressionTest0" name="test0292" time="0"/>
  <testcase classname="RegressionTest0" name="test0293" time="0.001"/>
  <testcase classname="RegressionTest0" name="test0294" time="0"/>
  <testcase classname="RegressionTest0" name="test0295" time="0"/>
  <testcase classname="RegressionTest0" name="test0296" time="0"/>
  <testcase classname="RegressionTest0" name="test0297" time="0"/>
  <testcase classname="RegressionTest0" name="test0298" time="0"/>
  <testcase classname="RegressionTest0" name="test0299" time="0"/>
  <testcase classname="RegressionTest0" name="test0300" time="0"/>
  <testcase classname="RegressionTest0" name="test0301" time="0"/>
  <testcase classname="RegressionTest0" name="test0302" time="0"/>
  <testcase classname="RegressionTest0" name="test0303" time="0"/>
  <testcase classname="RegressionTest0" name="test0304" time="0"/>
  <testcase classname="RegressionTest0" name="test0305" time="0"/>
  <testcase classname="RegressionTest0" name="test0306" time="0"/>
  <testcase classname="RegressionTest0" name="test0307" time="0"/>
  <testcase classname="RegressionTest0" name="test0308" time="0"/>
  <testcase classname="RegressionTest0" name="test0309" time="0"/>
  <testcase classname="RegressionTest0" name="test0310" time="0"/>
  <testcase classname="RegressionTest0" name="test0311" time="0.001"/>
  <testcase classname="RegressionTest0" name="test0312" time="0"/>
  <testcase classname="RegressionTest0" name="test0313" time="0"/>
  <testcase classname="RegressionTest0" name="test0314" time="0"/>
  <testcase classname="RegressionTest0" name="test0315" time="0"/>
  <testcase classname="RegressionTest0" name="test0316" time="0"/>
  <testcase classname="RegressionTest0" name="test0317" time="0.003"/>
  <testcase classname="RegressionTest0" name="test0318" time="0.001"/>
  <testcase classname="RegressionTest0" name="test0319" time="0"/>
  <testcase classname="RegressionTest0" name="test0320" time="0"/>
  <testcase classname="RegressionTest0" name="test0321" time="0"/>
  <testcase classname="RegressionTest0" name="test0322" time="0"/>
  <testcase classname="RegressionTest0" name="test0323" time="0"/>
  <testcase classname="RegressionTest0" name="test0324" time="0"/>
  <testcase classname="RegressionTest0" name="test0325" time="0"/>
  <testcase classname="RegressionTest0" name="test0326" time="0"/>
  <testcase classname="RegressionTest0" name="test0327" time="0"/>
  <testcase classname="RegressionTest0" name="test0328" time="0"/>
  <testcase classname="RegressionTest0" name="test0329" time="0.002"/>
  <testcase classname="RegressionTest0" name="test0330" time="0"/>
  <testcase classname="RegressionTest0" name="test0331" time="0"/>
  <testcase classname="RegressionTest0" name="test0332" time="0"/>
  <testcase classname="RegressionTest0" name="test0333" time="0"/>
  <testcase classname="RegressionTest0" name="test0334" time="0"/>
  <testcase classname="RegressionTest0" name="test0335" time="0"/>
  <testcase classname="RegressionTest0" name="test0336" time="0"/>
  <testcase classname="RegressionTest0" name="test0337" time="0"/>
  <testcase classname="RegressionTest0" name="test0338" time="0"/>
  <testcase classname="RegressionTest0" name="test0339" time="0"/>
  <testcase classname="RegressionTest0" name="test0340" time="0.002"/>
  <testcase classname="RegressionTest0" name="test0341" time="0"/>
  <testcase classname="RegressionTest0" name="test0342" time="0"/>
  <testcase classname="RegressionTest0" name="test0343" time="0"/>
  <testcase classname="RegressionTest0" name="test0344" time="0"/>
  <testcase classname="RegressionTest0" name="test0345" time="0"/>
  <testcase classname="RegressionTest0" name="test0346" time="0"/>
  <testcase classname="RegressionTest0" name="test0347" time="0"/>
  <testcase classname="RegressionTest0" name="test0348" time="0"/>
  <testcase classname="RegressionTest0" name="test0349" time="0"/>
  <testcase classname="RegressionTest0" name="test0350" time="0"/>
  <testcase classname="RegressionTest0" name="test0351" time="0"/>
  <testcase classname="RegressionTest0" name="test0352" time="0"/>
  <testcase classname="RegressionTest0" name="test0353" time="0"/>
  <testcase classname="RegressionTest0" name="test0354" time="0"/>
  <testcase classname="RegressionTest0" name="test0355" time="0"/>
  <testcase classname="RegressionTest0" name="test0356" time="0"/>
  <testcase classname="RegressionTest0" name="test0357" time="0.001"/>
  <testcase classname="RegressionTest0" name="test0358" time="0"/>
  <testcase classname="RegressionTest0" name="test0359" time="0"/>
  <testcase classname="RegressionTest0" name="test0360" time="0"/>
  <testcase classname="RegressionTest0" name="test0361" time="0"/>
  <testcase classname="RegressionTest0" name="test0362" time="0"/>
  <testcase classname="RegressionTest0" name="test0363" time="0"/>
  <testcase classname="RegressionTest0" name="test0364" time="0"/>
  <testcase classname="RegressionTest0" name="test0365" time="0"/>
  <testcase classname="RegressionTest0" name="test0366" time="0"/>
  <testcase classname="RegressionTest0" name="test0367" time="0"/>
  <testcase classname="RegressionTest0" name="test0368" time="0"/>
  <testcase classname="RegressionTest0" name="test0369" time="0.012"/>
  <testcase classname="RegressionTest0" name="test0370" time="0"/>
  <testcase classname="RegressionTest0" name="test0371" time="0"/>
  <testcase classname="RegressionTest0" name="test0372" time="0"/>
  <testcase classname="RegressionTest0" name="test0373" time="0"/>
  <testcase classname="RegressionTest0" name="test0374" time="0"/>
  <testcase classname="RegressionTest0" name="test0375" time="0"/>
  <testcase classname="RegressionTest0" name="test0376" time="0.001"/>
  <testcase classname="RegressionTest0" name="test0377" time="0"/>
  <testcase classname="RegressionTest0" name="test0378" time="0"/>
  <testcase classname="RegressionTest0" name="test0379" time="0"/>
  <testcase classname="RegressionTest0" name="test0380" time="0"/>
  <testcase classname="RegressionTest0" name="test0381" time="0"/>
  <testcase classname="RegressionTest0" name="test0382" time="0"/>
  <testcase classname="RegressionTest0" name="test0383" time="0"/>
  <testcase classname="RegressionTest0" name="test0384" time="0"/>
  <testcase classname="RegressionTest0" name="test0385" time="0"/>
  <testcase classname="RegressionTest0" name="test0386" time="0"/>
  <testcase classname="RegressionTest0" name="test0387" time="0"/>
  <testcase classname="RegressionTest0" name="test0388" time="0"/>
  <testcase classname="RegressionTest0" name="test0389" time="0"/>
  <testcase classname="RegressionTest0" name="test0390" time="0"/>
  <testcase classname="RegressionTest0" name="test0391" time="0"/>
  <testcase classname="RegressionTest0" name="test0392" time="0"/>
  <testcase classname="RegressionTest0" name="test0393" time="0"/>
  <testcase classname="RegressionTest0" name="test0394" time="0"/>
  <testcase classname="RegressionTest0" name="test0395" time="0"/>
  <testcase classname="RegressionTest0" name="test0396" time="0"/>
  <testcase classname="RegressionTest0" name="test0397" time="0"/>
  <testcase classname="RegressionTest0" name="test0398" time="0"/>
  <testcase classname="RegressionTest0" name="test0399" time="0"/>
  <testcase classname="RegressionTest0" name="test0400" time="0"/>
  <testcase classname="RegressionTest0" name="test0401" time="0"/>
  <testcase classname="RegressionTest0" name="test0402" time="0"/>
  <testcase classname="RegressionTest0" name="test0403" time="0"/>
  <testcase classname="RegressionTest0" name="test0404" time="0"/>
  <testcase classname="RegressionTest0" name="test0405" time="0"/>
  <testcase classname="RegressionTest0" name="test0406" time="0"/>
  <testcase classname="RegressionTest0" name="test0407" time="0"/>
  <testcase classname="RegressionTest0" name="test0408" time="0"/>
  <testcase classname="RegressionTest0" name="test0409" time="0.001"/>
  <testcase classname="RegressionTest0" name="test0410" time="0"/>
  <testcase classname="RegressionTest0" name="test0411" time="0"/>
  <testcase classname="RegressionTest0" name="test0412" time="0"/>
  <testcase classname="RegressionTest0" name="test0413" time="0"/>
  <testcase classname="RegressionTest0" name="test0414" time="0"/>
  <testcase classname="RegressionTest0" name="test0415" time="0"/>
  <testcase classname="RegressionTest0" name="test0416" time="0"/>
  <testcase classname="RegressionTest0" name="test0417" time="0"/>
  <testcase classname="RegressionTest0" name="test0418" time="0"/>
  <testcase classname="RegressionTest0" name="test0419" time="0"/>
  <testcase classname="RegressionTest0" name="test0420" time="0"/>
  <testcase classname="RegressionTest0" name="test0421" time="0"/>
  <testcase classname="RegressionTest0" name="test0422" time="0"/>
  <testcase classname="RegressionTest0" name="test0423" time="0"/>
  <testcase classname="RegressionTest0" name="test0424" time="0"/>
  <testcase classname="RegressionTest0" name="test0425" time="0"/>
  <testcase classname="RegressionTest0" name="test0426" time="0"/>
  <testcase classname="RegressionTest0" name="test0427" time="0"/>
  <testcase classname="RegressionTest0" name="test0428" time="0"/>
  <testcase classname="RegressionTest0" name="test0429" time="0"/>
  <testcase classname="RegressionTest0" name="test0430" time="0"/>
  <testcase classname="RegressionTest0" name="test0431" time="0"/>
  <testcase classname="RegressionTest0" name="test0432" time="0"/>
  <testcase classname="RegressionTest0" name="test0433" time="0"/>
  <testcase classname="RegressionTest0" name="test0434" time="0"/>
  <testcase classname="RegressionTest0" name="test0435" time="0"/>
  <testcase classname="RegressionTest0" name="test0436" time="0"/>
  <testcase classname="RegressionTest0" name="test0437" time="0"/>
  <testcase classname="RegressionTest0" name="test0438" time="0"/>
  <testcase classname="RegressionTest0" name="test0439" time="0"/>
  <testcase classname="RegressionTest0" name="test0440" time="0.001"/>
  <testcase classname="RegressionTest0" name="test0441" time="0"/>
  <testcase classname="RegressionTest0" name="test0442" time="0"/>
  <testcase classname="RegressionTest0" name="test0443" time="0"/>
  <testcase classname="RegressionTest0" name="test0444" time="0"/>
  <testcase classname="RegressionTest0" name="test0445" time="0"/>
  <testcase classname="RegressionTest0" name="test0446" time="0"/>
  <testcase classname="RegressionTest0" name="test0447" time="0"/>
  <testcase classname="RegressionTest0" name="test0448" time="0.001"/>
  <testcase classname="RegressionTest0" name="test0449" time="0"/>
  <testcase classname="RegressionTest0" name="test0450" time="0"/>
  <testcase classname="RegressionTest0" name="test0451" time="0"/>
  <testcase classname="RegressionTest0" name="test0452" time="0"/>
  <testcase classname="RegressionTest0" name="test0453" time="0"/>
  <testcase classname="RegressionTest0" name="test0454" time="0"/>
  <testcase classname="RegressionTest0" name="test0455" time="0"/>
  <testcase classname="RegressionTest0" name="test0456" time="0"/>
  <testcase classname="RegressionTest0" name="test0457" time="0.004"/>
  <testcase classname="RegressionTest0" name="test0458" time="0"/>
  <testcase classname="RegressionTest0" name="test0459" time="0"/>
  <testcase classname="RegressionTest0" name="test0460" time="0"/>
  <testcase classname="RegressionTest0" name="test0461" time="0.001"/>
  <testcase classname="RegressionTest0" name="test0462" time="0"/>
  <testcase classname="RegressionTest0" name="test0463" time="0"/>
  <testcase classname="RegressionTest0" name="test0464" time="0"/>
  <testcase classname="RegressionTest0" name="test0465" time="0"/>
  <testcase classname="RegressionTest0" name="test0466" time="0"/>
  <testcase classname="RegressionTest0" name="test0467" time="0"/>
  <testcase classname="RegressionTest0" name="test0468" time="0"/>
  <testcase classname="RegressionTest0" name="test0469" time="0"/>
  <testcase classname="RegressionTest0" name="test0470" time="0"/>
  <testcase classname="RegressionTest0" name="test0471" time="0"/>
  <testcase classname="RegressionTest0" name="test0472" time="0"/>
  <testcase classname="RegressionTest0" name="test0473" time="0"/>
  <testcase classname="RegressionTest0" name="test0474" time="0"/>
  <testcase classname="RegressionTest0" name="test0475" time="0"/>
  <testcase classname="RegressionTest0" name="test0476" time="0"/>
  <testcase classname="RegressionTest0" name="test0477" time="0"/>
  <testcase classname="RegressionTest0" name="test0478" time="0"/>
  <testcase classname="RegressionTest0" name="test0479" time="0"/>
  <testcase classname="RegressionTest0" name="test0480" time="0"/>
  <testcase classname="RegressionTest0" name="test0481" time="0"/>
  <testcase classname="RegressionTest0" name="test0482" time="0"/>
  <testcase classname="RegressionTest0" name="test0483" time="0"/>
  <testcase classname="RegressionTest0" name="test0484" time="0"/>
  <testcase classname="RegressionTest0" name="test0485" time="0"/>
  <testcase classname="RegressionTest0" name="test0486" time="0"/>
  <testcase classname="RegressionTest0" name="test0487" time="0"/>
  <testcase classname="RegressionTest0" name="test0488" time="0"/>
  <testcase classname="RegressionTest0" name="test0489" time="0"/>
  <testcase classname="RegressionTest0" name="test0490" time="0"/>
  <testcase classname="RegressionTest0" name="test0491" time="0"/>
  <testcase classname="RegressionTest0" name="test0492" time="0"/>
  <testcase classname="RegressionTest0" name="test0493" time="0"/>
  <testcase classname="RegressionTest0" name="test0494" time="0"/>
  <testcase classname="RegressionTest0" name="test0495" time="0"/>
  <testcase classname="RegressionTest0" name="test0496" time="0"/>
  <testcase classname="RegressionTest0" name="test0497" time="0"/>
  <testcase classname="RegressionTest0" name="test0498" time="0"/>
  <testcase classname="RegressionTest0" name="test0499" time="0"/>
  <testcase classname="RegressionTest0" name="test0500" time="0"/>
  <testcase classname="RegressionTest1" name="test0501" time="0"/>
  <testcase classname="RegressionTest1" name="test0502" time="0"/>
  <testcase classname="RegressionTest1" name="test0503" time="0"/>
  <testcase classname="RegressionTest1" name="test0504" time="0"/>
  <testcase classname="RegressionTest1" name="test0505" time="0"/>
  <testcase classname="RegressionTest1" name="test0506" time="0"/>
  <testcase classname="RegressionTest1" name="test0507" time="0"/>
  <testcase classname="RegressionTest1" name="test0508" time="0"/>
  <testcase classname="RegressionTest1" name="test0509" time="0"/>
  <testcase classname="RegressionTest1" name="test0510" time="0"/>
  <testcase classname="RegressionTest1" name="test0511" time="0"/>
  <testcase classname="RegressionTest1" name="test0512" time="0"/>
  <testcase classname="RegressionTest1" name="test0513" time="0"/>
  <testcase classname="RegressionTest1" name="test0514" time="0"/>
  <testcase classname="RegressionTest1" name="test0515" time="0"/>
  <testcase classname="RegressionTest1" name="test0516" time="0"/>
  <testcase classname="RegressionTest1" name="test0517" time="0"/>
  <testcase classname="RegressionTest1" name="test0518" time="0"/>
  <testcase classname="RegressionTest1" name="test0519" time="0"/>
  <testcase classname="RegressionTest1" name="test0520" time="0"/>
  <testcase classname="RegressionTest1" name="test0521" time="0"/>
  <testcase classname="RegressionTest1" name="test0522" time="0.001"/>
  <testcase classname="RegressionTest1" name="test0523" time="0"/>
  <testcase classname="RegressionTest1" name="test0524" time="0"/>
  <testcase classname="RegressionTest1" name="test0525" time="0"/>
  <testcase classname="RegressionTest1" name="test0526" time="0"/>
  <testcase classname="RegressionTest1" name="test0527" time="0"/>
  <testcase classname="RegressionTest1" name="test0528" time="0"/>
  <testcase classname="RegressionTest1" name="test0529" time="0"/>
  <testcase classname="RegressionTest1" name="test0530" time="0"/>
  <testcase classname="RegressionTest1" name="test0531" time="0"/>
  <testcase classname="RegressionTest1" name="test0532" time="0"/>
  <testcase classname="RegressionTest1" name="test0533" time="0"/>
  <testcase classname="RegressionTest1" name="test0534" time="0"/>
  <testcase classname="RegressionTest1" name="test0535" time="0"/>
  <testcase classname="RegressionTest1" name="test0536" time="0"/>
  <testcase classname="RegressionTest1" name="test0537" time="0.001"/>
  <testcase classname="RegressionTest1" name="test0538" time="0"/>
  <testcase classname="RegressionTest1" name="test0539" time="0"/>
  <testcase classname="RegressionTest1" name="test0540" time="0"/>
  <testcase classname="RegressionTest1" name="test0541" time="0"/>
  <testcase classname="RegressionTest1" name="test0542" time="0"/>
  <testcase classname="RegressionTest1" name="test0543" time="0"/>
  <testcase classname="RegressionTest1" name="test0544" time="0"/>
  <testcase classname="RegressionTest1" name="test0545" time="0"/>
  <testcase classname="RegressionTest1" name="test0546" time="0"/>
  <testcase classname="RegressionTest1" name="test0547" time="0"/>
  <testcase classname="RegressionTest1" name="test0548" time="0"/>
  <testcase classname="RegressionTest1" name="test0549" time="0.003"/>
  <testcase classname="RegressionTest1" name="test0550" time="0"/>
  <testcase classname="RegressionTest1" name="test0551" time="0"/>
  <testcase classname="RegressionTest1" name="test0552" time="0"/>
  <testcase classname="RegressionTest1" name="test0553" time="0"/>
  <testcase classname="RegressionTest1" name="test0554" time="0"/>
  <testcase classname="RegressionTest1" name="test0555" time="0"/>
  <testcase classname="RegressionTest1" name="test0556" time="0"/>
  <testcase classname="RegressionTest1" name="test0557" time="0"/>
  <testcase classname="RegressionTest1" name="test0558" time="0"/>
  <testcase classname="RegressionTest1" name="test0559" time="0"/>
  <testcase classname="RegressionTest1" name="test0560" time="0"/>
  <testcase classname="RegressionTest1" name="test0561" time="0"/>
  <testcase classname="RegressionTest1" name="test0562" time="0"/>
  <testcase classname="RegressionTest1" name="test0563" time="0"/>
  <testcase classname="RegressionTest1" name="test0564" time="0"/>
  <testcase classname="RegressionTest1" name="test0565" time="0"/>
  <testcase classname="RegressionTest1" name="test0566" time="0"/>
  <testcase classname="RegressionTest1" name="test0567" time="0"/>
  <testcase classname="RegressionTest1" name="test0568" time="0"/>
  <testcase classname="RegressionTest1" name="test0569" time="0"/>
  <testcase classname="RegressionTest1" name="test0570" time="0"/>
  <testcase classname="RegressionTest1" name="test0571" time="0"/>
  <testcase classname="RegressionTest1" name="test0572" time="0"/>
  <testcase classname="RegressionTest1" name="test0573" time="0"/>
  <testcase classname="RegressionTest1" name="test0574" time="0"/>
  <testcase classname="RegressionTest1" name="test0575" time="0"/>
  <testcase classname="RegressionTest1" name="test0576" time="0"/>
  <testcase classname="RegressionTest1" name="test0577" time="0"/>
  <testcase classname="RegressionTest1" name="test0578" time="0"/>
  <testcase classname="RegressionTest1" name="test0579" time="0"/>
  <testcase classname="RegressionTest1" name="test0580" time="0"/>
  <testcase classname="RegressionTest1" name="test0581" time="0"/>
  <testcase classname="RegressionTest1" name="test0582" time="0"/>
  <testcase classname="RegressionTest1" name="test0583" time="0"/>
  <testcase classname="RegressionTest1" name="test0584" time="0"/>
  <testcase classname="RegressionTest1" name="test0585" time="0"/>
  <testcase classname="RegressionTest1" name="test0586" time="0"/>
  <testcase classname="RegressionTest1" name="test0587" time="0"/>
  <testcase classname="RegressionTest1" name="test0588" time="0"/>
  <testcase classname="RegressionTest1" name="test0589" time="0"/>
  <testcase classname="RegressionTest1" name="test0590" time="0"/>
  <testcase classname="RegressionTest1" name="test0591" time="0"/>
  <testcase classname="RegressionTest1" name="test0592" time="0"/>
  <testcase classname="RegressionTest1" name="test0593" time="0"/>
  <testcase classname="RegressionTest1" name="test0594" time="0"/>
  <testcase classname="RegressionTest1" name="test0595" time="0"/>
  <testcase classname="RegressionTest1" name="test0596" time="0"/>
  <testcase classname="RegressionTest1" name="test0597" time="0"/>
  <testcase classname="RegressionTest1" name="test0598" time="0"/>
  <testcase classname="RegressionTest1" name="test0599" time="0"/>
  <testcase classname="RegressionTest1" name="test0600" time="0"/>
  <testcase classname="RegressionTest1" name="test0601" time="0.001"/>
  <testcase classname="RegressionTest1" name="test0602" time="0"/>
  <testcase classname="RegressionTest1" name="test0603" time="0"/>
  <testcase classname="RegressionTest1" name="test0604" time="0"/>
  <testcase classname="RegressionTest1" name="test0605" time="0"/>
  <testcase classname="RegressionTest1" name="test0606" time="0"/>
  <testcase classname="RegressionTest1" name="test0607" time="0"/>
  <testcase classname="RegressionTest1" name="test0608" time="0"/>
  <testcase classname="RegressionTest1" name="test0609" time="0"/>
  <testcase classname="RegressionTest1" name="test0610" time="0"/>
  <testcase classname="RegressionTest1" name="test0611" time="0"/>
  <testcase classname="RegressionTest1" name="test0612" time="0"/>
  <testcase classname="RegressionTest1" name="test0613" time="0"/>
  <testcase classname="RegressionTest1" name="test0614" time="0.001"/>
  <testcase classname="RegressionTest1" name="test0615" time="0"/>
  <testcase classname="RegressionTest1" name="test0616" time="0"/>
  <testcase classname="RegressionTest1" name="test0617" time="0"/>
  <testcase classname="RegressionTest1" name="test0618" time="0"/>
  <testcase classname="RegressionTest1" name="test0619" time="0"/>
  <testcase classname="RegressionTest1" name="test0620" time="0"/>
  <testcase classname="RegressionTest1" name="test0621" time="0"/>
  <testcase classname="RegressionTest1" name="test0622" time="0"/>
  <testcase classname="RegressionTest1" name="test0623" time="0"/>
  <testcase classname="RegressionTest1" name="test0624" time="0"/>
  <testcase classname="RegressionTest1" name="test0625" time="0"/>
  <testcase classname="RegressionTest1" name="test0626" time="0"/>
  <testcase classname="RegressionTest1" name="test0627" time="0"/>
  <testcase classname="RegressionTest1" name="test0628" time="0"/>
  <testcase classname="RegressionTest1" name="test0629" time="0"/>
  <testcase classname="RegressionTest1" name="test0630" time="0"/>
  <testcase classname="RegressionTest1" name="test0631" time="0"/>
  <testcase classname="RegressionTest1" name="test0632" time="0"/>
  <testcase classname="RegressionTest1" name="test0633" time="0"/>
  <testcase classname="RegressionTest1" name="test0634" time="0"/>
  <testcase classname="RegressionTest1" name="test0635" time="0"/>
  <testcase classname="RegressionTest1" name="test0636" time="0"/>
  <testcase classname="RegressionTest1" name="test0637" time="0"/>
  <testcase classname="RegressionTest1" name="test0638" time="0"/>
  <testcase classname="RegressionTest1" name="test0639" time="0"/>
  <testcase classname="RegressionTest1" name="test0640" time="0"/>
  <testcase classname="RegressionTest1" name="test0641" time="0"/>
  <testcase classname="RegressionTest1" name="test0642" time="0"/>
  <testcase classname="RegressionTest1" name="test0643" time="0"/>
  <testcase classname="RegressionTest1" name="test0644" time="0"/>
  <testcase classname="RegressionTest1" name="test0645" time="0"/>
  <testcase classname="RegressionTest1" name="test0646" time="0"/>
  <testcase classname="RegressionTest1" name="test0647" time="0"/>
  <testcase classname="RegressionTest1" name="test0648" time="0"/>
  <testcase classname="RegressionTest1" name="test0649" time="0"/>
  <testcase classname="RegressionTest1" name="test0650" time="0"/>
  <testcase classname="RegressionTest1" name="test0651" time="0"/>
  <testcase classname="RegressionTest1" name="test0652" time="0"/>
  <testcase classname="RegressionTest1" name="test0653" time="0"/>
  <testcase classname="RegressionTest1" name="test0654" time="0"/>
  <testcase classname="RegressionTest1" name="test0655" time="0"/>
  <testcase classname="RegressionTest1" name="test0656" time="0"/>
  <testcase classname="RegressionTest1" name="test0657" time="0"/>
  <testcase classname="RegressionTest1" name="test0658" time="0"/>
  <testcase classname="RegressionTest1" name="test0659" time="0"/>
  <testcase classname="RegressionTest1" name="test0660" time="0.001"/>
  <testcase classname="RegressionTest1" name="test0661" time="0"/>
  <testcase classname="RegressionTest1" name="test0662" time="0"/>
  <testcase classname="RegressionTest1" name="test0663" time="0"/>
  <testcase classname="RegressionTest1" name="test0664" time="0"/>
  <testcase classname="RegressionTest1" name="test0665" time="0"/>
  <testcase classname="RegressionTest1" name="test0666" time="0"/>
  <testcase classname="RegressionTest1" name="test0667" time="0"/>
  <testcase classname="RegressionTest1" name="test0668" time="0"/>
  <testcase classname="RegressionTest1" name="test0669" time="0"/>
  <testcase classname="RegressionTest1" name="test0670" time="0"/>
  <testcase classname="RegressionTest1" name="test0671" time="0"/>
  <testcase classname="RegressionTest1" name="test0672" time="0"/>
  <testcase classname="RegressionTest1" name="test0673" time="0.001"/>
  <testcase classname="RegressionTest1" name="test0674" time="0"/>
  <testcase classname="RegressionTest1" name="test0675" time="0"/>
  <testcase classname="RegressionTest1" name="test0676" time="0"/>
  <testcase classname="RegressionTest1" name="test0677" time="0"/>
  <testcase classname="RegressionTest1" name="test0678" time="0"/>
  <testcase classname="RegressionTest1" name="test0679" time="0"/>
  <testcase classname="RegressionTest1" name="test0680" time="0"/>
  <testcase classname="RegressionTest1" name="test0681" time="0"/>
  <testcase classname="RegressionTest1" name="test0682" time="0"/>
  <testcase classname="RegressionTest1" name="test0683" time="0"/>
  <testcase classname="RegressionTest1" name="test0684" time="0"/>
  <testcase classname="RegressionTest1" name="test0685" time="0"/>
  <testcase classname="RegressionTest1" name="test0686" time="0"/>
  <testcase classname="RegressionTest1" name="test0687" time="0"/>
  <testcase classname="RegressionTest1" name="test0688" time="0"/>
  <testcase classname="RegressionTest1" name="test0689" time="0.001"/>
  <testcase classname="RegressionTest1" name="test0690" time="0"/>
  <testcase classname="RegressionTest1" name="test0691" time="0"/>
  <testcase classname="RegressionTest1" name="test0692" time="0"/>
  <testcase classname="RegressionTest1" name="test0693" time="0"/>
  <testcase classname="RegressionTest1" name="test0694" time="0"/>
  <testcase classname="RegressionTest1" name="test0695" time="0"/>
  <testcase classname="RegressionTest1" name="test0696" time="0"/>
  <testcase classname="RegressionTest1" name="test0697" time="0"/>
  <testcase classname="RegressionTest1" name="test0698" time="0"/>
  <testcase classname="RegressionTest1" name="test0699" time="0"/>
  <testcase classname="RegressionTest1" name="test0700" time="0"/>
  <testcase classname="RegressionTest1" name="test0701" time="0"/>
  <testcase classname="RegressionTest1" name="test0702" time="0"/>
  <testcase classname="RegressionTest1" name="test0703" time="0"/>
  <testcase classname="RegressionTest1" name="test0704" time="0"/>
  <testcase classname="RegressionTest1" name="test0705" time="0.001"/>
  <testcase classname="RegressionTest1" name="test0706" time="0"/>
  <testcase classname="RegressionTest1" name="test0707" time="0.001"/>
  <testcase classname="RegressionTest1" name="test0708" time="0"/>
  <testcase classname="RegressionTest1" name="test0709" time="0"/>
  <testcase classname="RegressionTest1" name="test0710" time="0.001"/>
  <testcase classname="RegressionTest1" name="test0711" time="0"/>
  <testcase classname="RegressionTest1" name="test0712" time="0"/>
  <testcase classname="RegressionTest1" name="test0713" time="0"/>
  <testcase classname="RegressionTest1" name="test0714" time="0"/>
  <testcase classname="RegressionTest1" name="test0715" time="0"/>
  <testcase classname="RegressionTest1" name="test0716" time="0"/>
  <testcase classname="RegressionTest1" name="test0717" time="0"/>
  <testcase classname="RegressionTest1" name="test0718" time="0.002"/>
  <testcase classname="RegressionTest1" name="test0719" time="0"/>
  <testcase classname="RegressionTest1" name="test0720" time="0"/>
  <testcase classname="RegressionTest1" name="test0721" time="0"/>
  <testcase classname="RegressionTest1" name="test0722" time="0"/>
  <testcase classname="RegressionTest1" name="test0723" time="0.001"/>
  <testcase classname="RegressionTest1" name="test0724" time="0"/>
  <testcase classname="RegressionTest1" name="test0725" time="0"/>
  <testcase classname="RegressionTest1" name="test0726" time="0"/>
  <testcase classname="RegressionTest1" name="test0727" time="0"/>
  <testcase classname="RegressionTest1" name="test0728" time="0"/>
  <testcase classname="RegressionTest1" name="test0729" time="0"/>
  <testcase classname="RegressionTest1" name="test0730" time="0"/>
  <testcase classname="RegressionTest1" name="test0731" time="0"/>
  <testcase classname="RegressionTest1" name="test0732" time="0"/>
  <testcase classname="RegressionTest1" name="test0733" time="0"/>
  <testcase classname="RegressionTest1" name="test0734" time="0"/>
  <testcase classname="RegressionTest1" name="test0735" time="0"/>
  <testcase classname="RegressionTest1" name="test0736" time="0"/>
  <testcase classname="RegressionTest1" name="test0737" time="0"/>
  <testcase classname="RegressionTest1" name="test0738" time="0"/>
  <testcase classname="RegressionTest1" name="test0739" time="0"/>
  <testcase classname="RegressionTest1" name="test0740" time="0"/>
  <testcase classname="RegressionTest1" name="test0741" time="0"/>
  <testcase classname="RegressionTest1" name="test0742" time="0"/>
  <testcase classname="RegressionTest1" name="test0743" time="0"/>
  <testcase classname="RegressionTest1" name="test0744" time="0"/>
  <testcase classname="RegressionTest1" name="test0745" time="0"/>
  <testcase classname="RegressionTest1" name="test0746" time="0"/>
  <testcase classname="RegressionTest1" name="test0747" time="0"/>
  <testcase classname="RegressionTest1" name="test0748" time="0"/>
  <testcase classname="RegressionTest1" name="test0749" time="0"/>
  <testcase classname="RegressionTest1" name="test0750" time="0"/>
  <testcase classname="RegressionTest1" name="test0751" time="0"/>
  <testcase classname="RegressionTest1" name="test0752" time="0"/>
  <testcase classname="RegressionTest1" name="test0753" time="0"/>
  <testcase classname="RegressionTest1" name="test0754" time="0"/>
  <testcase classname="RegressionTest1" name="test0755" time="0.001"/>
  <testcase classname="RegressionTest1" name="test0756" time="0"/>
  <testcase classname="RegressionTest1" name="test0757" time="0"/>
  <testcase classname="RegressionTest1" name="test0758" time="0"/>
  <testcase classname="RegressionTest1" name="test0759" time="0"/>
  <testcase classname="RegressionTest1" name="test0760" time="0"/>
  <testcase classname="RegressionTest1" name="test0761" time="0"/>
  <testcase classname="RegressionTest1" name="test0762" time="0"/>
  <testcase classname="RegressionTest1" name="test0763" time="0"/>
  <testcase classname="RegressionTest1" name="test0764" time="0"/>
  <testcase classname="RegressionTest1" name="test0765" time="0.001"/>
  <testcase classname="RegressionTest1" name="test0766" time="0"/>
  <testcase classname="RegressionTest1" name="test0767" time="0"/>
  <testcase classname="RegressionTest1" name="test0768" time="0"/>
  <testcase classname="RegressionTest1" name="test0769" time="0"/>
  <testcase classname="RegressionTest1" name="test0770" time="0"/>
  <testcase classname="RegressionTest1" name="test0771" time="0"/>
  <testcase classname="RegressionTest1" name="test0772" time="0"/>
  <testcase classname="RegressionTest1" name="test0773" time="0"/>
  <testcase classname="RegressionTest1" name="test0774" time="0"/>
  <testcase classname="RegressionTest1" name="test0775" time="0"/>
  <testcase classname="RegressionTest1" name="test0776" time="0"/>
  <testcase classname="RegressionTest1" name="test0777" time="0"/>
  <testcase classname="RegressionTest1" name="test0778" time="0"/>
  <testcase classname="RegressionTest1" name="test0779" time="0"/>
  <testcase classname="RegressionTest1" name="test0780" time="0"/>
  <testcase classname="RegressionTest1" name="test0781" time="0"/>
  <testcase classname="RegressionTest1" name="test0782" time="0"/>
  <testcase classname="RegressionTest1" name="test0783" time="0"/>
  <testcase classname="RegressionTest1" name="test0784" time="0"/>
  <testcase classname="RegressionTest1" name="test0785" time="0"/>
  <testcase classname="RegressionTest1" name="test0786" time="0"/>
  <testcase classname="RegressionTest1" name="test0787" time="0"/>
  <testcase classname="RegressionTest1" name="test0788" time="0"/>
  <testcase classname="RegressionTest1" name="test0789" time="0"/>
  <testcase classname="RegressionTest1" name="test0790" time="0"/>
  <testcase classname="RegressionTest1" name="test0791" time="0"/>
  <testcase classname="RegressionTest1" name="test0792" time="0"/>
  <testcase classname="RegressionTest1" name="test0793" time="0"/>
  <testcase classname="RegressionTest1" name="test0794" time="0.001"/>
  <testcase classname="RegressionTest1" name="test0795" time="0"/>
  <testcase classname="RegressionTest1" name="test0796" time="0"/>
  <testcase classname="RegressionTest1" name="test0797" time="0"/>
  <testcase classname="RegressionTest1" name="test0798" time="0.006"/>
  <testcase classname="RegressionTest1" name="test0799" time="0"/>
  <testcase classname="RegressionTest1" name="test0800" time="0"/>
  <testcase classname="RegressionTest1" name="test0801" time="0"/>
  <testcase classname="RegressionTest1" name="test0802" time="0"/>
  <testcase classname="RegressionTest1" name="test0803" time="0"/>
  <testcase classname="RegressionTest1" name="test0804" time="0"/>
  <testcase classname="RegressionTest1" name="test0805" time="0"/>
  <testcase classname="RegressionTest1" name="test0806" time="0"/>
  <testcase classname="RegressionTest1" name="test0807" time="0"/>
  <testcase classname="RegressionTest1" name="test0808" time="0"/>
  <testcase classname="RegressionTest1" name="test0809" time="0"/>
  <testcase classname="RegressionTest1" name="test0810" time="0"/>
  <testcase classname="RegressionTest1" name="test0811" time="0"/>
  <testcase classname="RegressionTest1" name="test0812" time="0"/>
  <testcase classname="RegressionTest1" name="test0813" time="0"/>
  <testcase classname="RegressionTest1" name="test0814" time="0"/>
  <testcase classname="RegressionTest1" name="test0815" time="0"/>
  <testcase classname="RegressionTest1" name="test0816" time="0"/>
  <testcase classname="RegressionTest1" name="test0817" time="0"/>
  <testcase classname="RegressionTest1" name="test0818" time="0"/>
  <testcase classname="RegressionTest1" name="test0819" time="0.001"/>
  <testcase classname="RegressionTest1" name="test0820" time="0"/>
  <testcase classname="RegressionTest1" name="test0821" time="0"/>
  <testcase classname="RegressionTest1" name="test0822" time="0"/>
  <testcase classname="RegressionTest1" name="test0823" time="0"/>
  <testcase classname="RegressionTest1" name="test0824" time="0"/>
  <testcase classname="RegressionTest1" name="test0825" time="0"/>
  <testcase classname="RegressionTest1" name="test0826" time="0"/>
  <testcase classname="RegressionTest1" name="test0827" time="0"/>
  <testcase classname="RegressionTest1" name="test0828" time="0"/>
  <testcase classname="RegressionTest1" name="test0829" time="0"/>
  <testcase classname="RegressionTest1" name="test0830" time="0.001"/>
  <testcase classname="RegressionTest1" name="test0831" time="0"/>
  <testcase classname="RegressionTest1" name="test0832" time="0"/>
  <testcase classname="RegressionTest1" name="test0833" time="0"/>
  <testcase classname="RegressionTest1" name="test0834" time="0"/>
  <testcase classname="RegressionTest1" name="test0835" time="0"/>
  <testcase classname="RegressionTest1" name="test0836" time="0"/>
  <testcase classname="RegressionTest1" name="test0837" time="0.001"/>
  <testcase classname="RegressionTest1" name="test0838" time="0"/>
  <testcase classname="RegressionTest1" name="test0839" time="0"/>
  <testcase classname="RegressionTest1" name="test0840" time="0"/>
  <testcase classname="RegressionTest1" name="test0841" time="0"/>
  <testcase classname="RegressionTest1" name="test0842" time="0"/>
  <testcase classname="RegressionTest1" name="test0843" time="0"/>
  <testcase classname="RegressionTest1" name="test0844" time="0"/>
  <testcase classname="RegressionTest1" name="test0845" time="0"/>
  <testcase classname="RegressionTest1" name="test0846" time="0"/>
  <testcase classname="RegressionTest1" name="test0847" time="0"/>
  <testcase classname="RegressionTest1" name="test0848" time="0"/>
  <testcase classname="RegressionTest1" name="test0849" time="0"/>
  <testcase classname="RegressionTest1" name="test0850" time="0"/>
  <testcase classname="RegressionTest1" name="test0851" time="0"/>
  <testcase classname="RegressionTest1" name="test0852" time="0"/>
  <testcase classname="RegressionTest1" name="test0853" time="0"/>
  <testcase classname="RegressionTest1" name="test0854" time="0"/>
  <testcase classname="RegressionTest1" name="test0855" time="0"/>
  <testcase classname="RegressionTest1" name="test0856" time="0"/>
  <testcase classname="RegressionTest1" name="test0857" time="0"/>
  <testcase classname="RegressionTest1" name="test0858" time="0"/>
  <testcase classname="RegressionTest1" name="test0859" time="0"/>
  <testcase classname="RegressionTest1" name="test0860" time="0"/>
  <testcase classname="RegressionTest1" name="test0861" time="0"/>
  <testcase classname="RegressionTest1" name="test0862" time="0"/>
  <testcase classname="RegressionTest1" name="test0863" time="0"/>
  <testcase classname="RegressionTest1" name="test0864" time="0"/>
  <testcase classname="RegressionTest1" name="test0865" time="0"/>
  <testcase classname="RegressionTest1" name="test0866" time="0"/>
  <testcase classname="RegressionTest1" name="test0867" time="0"/>
  <testcase classname="RegressionTest1" name="test0868" time="0"/>
  <testcase classname="RegressionTest1" name="test0869" time="0"/>
  <testcase classname="RegressionTest1" name="test0870" time="0.001"/>
  <testcase classname="RegressionTest1" name="test0871" time="0"/>
  <testcase classname="RegressionTest1" name="test0872" time="0"/>
  <testcase classname="RegressionTest1" name="test0873" time="0"/>
  <testcase classname="RegressionTest1" name="test0874" time="0"/>
  <testcase classname="RegressionTest1" name="test0875" time="0"/>
  <testcase classname="RegressionTest1" name="test0876" time="0"/>
  <testcase classname="RegressionTest1" name="test0877" time="0"/>
  <testcase classname="RegressionTest1" name="test0878" time="0"/>
  <testcase classname="RegressionTest1" name="test0879" time="0"/>
  <testcase classname="RegressionTest1" name="test0880" time="0"/>
  <testcase classname="RegressionTest1" name="test0881" time="0"/>
  <testcase classname="RegressionTest1" name="test0882" time="0"/>
  <testcase classname="RegressionTest1" name="test0883" time="0.001"/>
  <testcase classname="RegressionTest1" name="test0884" time="0"/>
  <testcase classname="RegressionTest1" name="test0885" time="0"/>
  <testcase classname="RegressionTest1" name="test0886" time="0"/>
  <testcase classname="RegressionTest1" name="test0887" time="0"/>
  <testcase classname="RegressionTest1" name="test0888" time="0"/>
  <testcase classname="RegressionTest1" name="test0889" time="0"/>
  <testcase classname="RegressionTest1" name="test0890" time="0"/>
  <testcase classname="RegressionTest1" name="test0891" time="0.001"/>
  <testcase classname="RegressionTest1" name="test0892" time="0"/>
  <testcase classname="RegressionTest1" name="test0893" time="0"/>
  <testcase classname="RegressionTest1" name="test0894" time="0"/>
  <testcase classname="RegressionTest1" name="test0895" time="0"/>
  <testcase classname="RegressionTest1" name="test0896" time="0"/>
  <testcase classname="RegressionTest1" name="test0897" time="0"/>
  <testcase classname="RegressionTest1" name="test0898" time="0"/>
  <testcase classname="RegressionTest1" name="test0899" time="0"/>
  <testcase classname="RegressionTest1" name="test0900" time="0"/>
  <testcase classname="RegressionTest1" name="test0901" time="0.001"/>
  <testcase classname="RegressionTest1" name="test0902" time="0"/>
  <testcase classname="RegressionTest1" name="test0903" time="0"/>
  <testcase classname="RegressionTest1" name="test0904" time="0"/>
  <testcase classname="RegressionTest1" name="test0905" time="0"/>
  <testcase classname="RegressionTest1" name="test0906" time="0"/>
  <testcase classname="RegressionTest1" name="test0907" time="0"/>
  <testcase classname="RegressionTest1" name="test0908" time="0"/>
  <testcase classname="RegressionTest1" name="test0909" time="0"/>
  <testcase classname="RegressionTest1" name="test0910" time="0"/>
  <testcase classname="RegressionTest1" name="test0911" time="0"/>
  <testcase classname="RegressionTest1" name="test0912" time="0"/>
  <testcase classname="RegressionTest1" name="test0913" time="0"/>
  <testcase classname="RegressionTest1" name="test0914" time="0"/>
  <testcase classname="RegressionTest1" name="test0915" time="0.001"/>
  <testcase classname="RegressionTest1" name="test0916" time="0"/>
  <testcase classname="RegressionTest1" name="test0917" time="0"/>
  <testcase classname="RegressionTest1" name="test0918" time="0"/>
  <testcase classname="RegressionTest1" name="test0919" time="0"/>
  <testcase classname="RegressionTest1" name="test0920" time="0"/>
  <testcase classname="RegressionTest1" name="test0921" time="0"/>
  <testcase classname="RegressionTest1" name="test0922" time="0.001"/>
  <testcase classname="RegressionTest1" name="test0923" time="0"/>
  <testcase classname="RegressionTest1" name="test0924" time="0"/>
  <testcase classname="RegressionTest1" name="test0925" time="0"/>
  <testcase classname="RegressionTest1" name="test0926" time="0"/>
  <testcase classname="RegressionTest1" name="test0927" time="0"/>
  <testcase classname="RegressionTest1" name="test0928" time="0.001"/>
  <testcase classname="RegressionTest1" name="test0929" time="0"/>
  <testcase classname="RegressionTest1" name="test0930" time="0"/>
  <testcase classname="RegressionTest1" name="test0931" time="0"/>
  <testcase classname="RegressionTest1" name="test0932" time="0"/>
  <testcase classname="RegressionTest1" name="test0933" time="0"/>
  <testcase classname="RegressionTest1" name="test0934" time="0"/>
  <testcase classname="RegressionTest1" name="test0935" time="0"/>
  <testcase classname="RegressionTest1" name="test0936" time="0"/>
  <testcase classname="RegressionTest1" name="test0937" time="0"/>
  <testcase classname="RegressionTest1" name="test0938" time="0"/>
  <testcase classname="RegressionTest1" name="test0939" time="0"/>
  <testcase classname="RegressionTest1" name="test0940" time="0.001"/>
  <testcase classname="RegressionTest1" name="test0941" time="0"/>
  <testcase classname="RegressionTest1" name="test0942" time="0"/>
  <testcase classname="RegressionTest1" name="test0943" time="0"/>
  <testcase classname="RegressionTest1" name="test0944" time="0"/>
  <testcase classname="RegressionTest1" name="test0945" time="0"/>
  <testcase classname="RegressionTest1" name="test0946" time="0"/>
  <testcase classname="RegressionTest1" name="test0947" time="0"/>
  <testcase classname="RegressionTest1" name="test0948" time="0"/>
  <testcase classname="RegressionTest1" name="test0949" time="0"/>
  <testcase classname="RegressionTest1" name="test0950" time="0"/>
  <testcase classname="RegressionTest1" name="test0951" time="0"/>
  <testcase classname="RegressionTest1" name="test0952" time="0"/>
  <testcase classname="RegressionTest1" name="test0953" time="0"/>
  <testcase classname="RegressionTest1" name="test0954" time="0"/>
  <testcase classname="RegressionTest1" name="test0955" time="0"/>
  <testcase classname="RegressionTest1" name="test0956" time="0"/>
  <testcase classname="RegressionTest1" name="test0957" time="0"/>
  <testcase classname="RegressionTest1" name="test0958" time="0"/>
  <testcase classname="RegressionTest1" name="test0959" time="0"/>
  <testcase classname="RegressionTest1" name="test0960" time="0"/>
  <testcase classname="RegressionTest1" name="test0961" time="0"/>
  <testcase classname="RegressionTest1" name="test0962" time="0"/>
  <testcase classname="RegressionTest1" name="test0963" time="0"/>
  <testcase classname="RegressionTest1" name="test0964" time="0.001"/>
  <testcase classname="RegressionTest1" name="test0965" time="0"/>
  <testcase classname="RegressionTest1" name="test0966" time="0"/>
  <testcase classname="RegressionTest1" name="test0967" time="0"/>
  <testcase classname="RegressionTest1" name="test0968" time="0"/>
  <testcase classname="RegressionTest1" name="test0969" time="0"/>
  <testcase classname="RegressionTest1" name="test0970" time="0"/>
  <testcase classname="RegressionTest1" name="test0971" time="0"/>
  <testcase classname="RegressionTest1" name="test0972" time="0"/>
  <testcase classname="RegressionTest1" name="test0973" time="0"/>
  <testcase classname="RegressionTest1" name="test0974" time="0"/>
  <testcase classname="RegressionTest1" name="test0975" time="0"/>
  <testcase classname="RegressionTest1" name="test0976" time="0"/>
  <testcase classname="RegressionTest1" name="test0977" time="0"/>
  <testcase classname="RegressionTest1" name="test0978" time="0"/>
  <testcase classname="RegressionTest1" name="test0979" time="0"/>
  <testcase classname="RegressionTest1" name="test0980" time="0"/>
  <testcase classname="RegressionTest1" name="test0981" time="0"/>
  <testcase classname="RegressionTest1" name="test0982" time="0"/>
  <testcase classname="RegressionTest1" name="test0983" time="0"/>
  <testcase classname="RegressionTest1" name="test0984" time="0"/>
  <testcase classname="RegressionTest1" name="test0985" time="0"/>
  <testcase classname="RegressionTest1" name="test0986" time="0"/>
  <testcase classname="RegressionTest1" name="test0987" time="0"/>
  <testcase classname="RegressionTest1" name="test0988" time="0"/>
  <testcase classname="RegressionTest1" name="test0989" time="0.001"/>
  <testcase classname="RegressionTest1" name="test0990" time="0"/>
  <testcase classname="RegressionTest1" name="test0991" time="0"/>
  <testcase classname="RegressionTest1" name="test0992" time="0"/>
  <testcase classname="RegressionTest1" name="test0993" time="0"/>
  <testcase classname="RegressionTest1" name="test0994" time="0"/>
  <testcase classname="RegressionTest1" name="test0995" time="0"/>
  <testcase classname="RegressionTest1" name="test0996" time="0"/>
  <testcase classname="RegressionTest1" name="test0997" time="0"/>
  <testcase classname="RegressionTest1" name="test0998" time="0"/>
  <testcase classname="RegressionTest1" name="test0999" time="0"/>
  <testcase classname="RegressionTest1" name="test1000" time="0"/>
  <testcase classname="RegressionTest2" name="test1001" time="0"/>
  <testcase classname="RegressionTest2" name="test1002" time="0.001"/>
  <testcase classname="RegressionTest2" name="test1003" time="0"/>
  <testcase classname="RegressionTest2" name="test1004" time="0"/>
  <testcase classname="RegressionTest2" name="test1005" time="0"/>
  <testcase classname="RegressionTest2" name="test1006" time="0"/>
  <testcase classname="RegressionTest2" name="test1007" time="0"/>
  <testcase classname="RegressionTest2" name="test1008" time="0"/>
  <testcase classname="RegressionTest2" name="test1009" time="0"/>
  <testcase classname="RegressionTest2" name="test1010" time="0"/>
  <testcase classname="RegressionTest2" name="test1011" time="0"/>
  <testcase classname="RegressionTest2" name="test1012" time="0"/>
  <testcase classname="RegressionTest2" name="test1013" time="0"/>
  <testcase classname="RegressionTest2" name="test1014" time="0"/>
  <testcase classname="RegressionTest2" name="test1015" time="0"/>
  <testcase classname="RegressionTest2" name="test1016" time="0"/>
  <testcase classname="RegressionTest2" name="test1017" time="0"/>
  <testcase classname="RegressionTest2" name="test1018" time="0"/>
  <testcase classname="RegressionTest2" name="test1019" time="0"/>
  <testcase classname="RegressionTest2" name="test1020" time="0"/>
  <testcase classname="RegressionTest2" name="test1021" time="0"/>
  <testcase classname="RegressionTest2" name="test1022" time="0"/>
  <testcase classname="RegressionTest2" name="test1023" time="0"/>
  <testcase classname="RegressionTest2" name="test1024" time="0"/>
  <testcase classname="RegressionTest2" name="test1025" time="0"/>
  <testcase classname="RegressionTest2" name="test1026" time="0"/>
  <testcase classname="RegressionTest2" name="test1027" time="0"/>
  <testcase classname="RegressionTest2" name="test1028" time="0"/>
  <testcase classname="RegressionTest2" name="test1029" time="0"/>
  <testcase classname="RegressionTest2" name="test1030" time="0"/>
  <testcase classname="RegressionTest2" name="test1031" time="0"/>
  <testcase classname="RegressionTest2" name="test1032" time="0"/>
  <testcase classname="RegressionTest2" name="test1033" time="0"/>
  <testcase classname="RegressionTest2" name="test1034" time="0"/>
  <testcase classname="RegressionTest2" name="test1035" time="0"/>
  <testcase classname="RegressionTest2" name="test1036" time="0"/>
  <testcase classname="RegressionTest2" name="test1037" time="0"/>
  <testcase classname="RegressionTest2" name="test1038" time="0"/>
  <testcase classname="RegressionTest2" name="test1039" time="0"/>
  <testcase classname="RegressionTest2" name="test1040" time="0"/>
  <testcase classname="RegressionTest2" name="test1041" time="0"/>
  <testcase classname="RegressionTest2" name="test1042" time="0"/>
  <testcase classname="RegressionTest2" name="test1043" time="0"/>
  <testcase classname="RegressionTest2" name="test1044" time="0"/>
  <testcase classname="RegressionTest2" name="test1045" time="0"/>
  <testcase classname="RegressionTest2" name="test1046" time="0"/>
  <testcase classname="RegressionTest2" name="test1047" time="0"/>
  <testcase classname="RegressionTest2" name="test1048" time="0"/>
  <testcase classname="RegressionTest2" name="test1049" time="0"/>
  <testcase classname="RegressionTest2" name="test1050" time="0"/>
  <testcase classname="RegressionTest2" name="test1051" time="0"/>
  <testcase classname="RegressionTest2" name="test1052" time="0"/>
  <testcase classname="RegressionTest2" name="test1053" time="0"/>
  <testcase classname="RegressionTest2" name="test1054" time="0"/>
  <testcase classname="RegressionTest2" name="test1055" time="0"/>
  <testcase classname="RegressionTest2" name="test1056" time="0"/>
  <testcase classname="RegressionTest2" name="test1057" time="0"/>
  <testcase classname="RegressionTest2" name="test1058" time="0.001"/>
  <testcase classname="RegressionTest2" name="test1059" time="0"/>
  <testcase classname="RegressionTest2" name="test1060" time="0"/>
  <testcase classname="RegressionTest2" name="test1061" time="0"/>
  <testcase classname="RegressionTest2" name="test1062" time="0"/>
  <testcase classname="RegressionTest2" name="test1063" time="0"/>
  <testcase classname="RegressionTest2" name="test1064" time="0"/>
  <testcase classname="RegressionTest2" name="test1065" time="0"/>
  <testcase classname="RegressionTest2" name="test1066" time="0"/>
  <testcase classname="RegressionTest2" name="test1067" time="0"/>
  <testcase classname="RegressionTest2" name="test1068" time="0"/>
  <testcase classname="RegressionTest2" name="test1069" time="0"/>
  <testcase classname="RegressionTest2" name="test1070" time="0"/>
  <testcase classname="RegressionTest2" name="test1071" time="0"/>
  <testcase classname="RegressionTest2" name="test1072" time="0"/>
  <testcase classname="RegressionTest2" name="test1073" time="0"/>
  <testcase classname="RegressionTest2" name="test1074" time="0"/>
  <testcase classname="RegressionTest2" name="test1075" time="0"/>
  <testcase classname="RegressionTest2" name="test1076" time="0"/>
  <testcase classname="RegressionTest2" name="test1077" time="0"/>
  <testcase classname="RegressionTest2" name="test1078" time="0"/>
  <testcase classname="RegressionTest2" name="test1079" time="0"/>
  <testcase classname="RegressionTest2" name="test1080" time="0"/>
  <testcase classname="RegressionTest2" name="test1081" time="0"/>
  <testcase classname="RegressionTest2" name="test1082" time="0"/>
  <testcase classname="RegressionTest2" name="test1083" time="0.001"/>
  <testcase classname="RegressionTest2" name="test1084" time="0"/>
  <testcase classname="RegressionTest2" name="test1085" time="0"/>
  <testcase classname="RegressionTest2" name="test1086" time="0"/>
  <testcase classname="RegressionTest2" name="test1087" time="0"/>
  <testcase classname="RegressionTest2" name="test1088" time="0"/>
  <testcase classname="RegressionTest2" name="test1089" time="0"/>
  <testcase classname="RegressionTest2" name="test1090" time="0"/>
  <testcase classname="RegressionTest2" name="test1091" time="0"/>
  <testcase classname="RegressionTest2" name="test1092" time="0"/>
  <testcase classname="RegressionTest2" name="test1093" time="0"/>
  <testcase classname="RegressionTest2" name="test1094" time="0"/>
  <testcase classname="RegressionTest2" name="test1095" time="0"/>
  <testcase classname="RegressionTest2" name="test1096" time="0.001"/>
  <testcase classname="RegressionTest2" name="test1097" time="0"/>
  <testcase classname="RegressionTest2" name="test1098" time="0"/>
  <testcase classname="RegressionTest2" name="test1099" time="0"/>
  <testcase classname="RegressionTest2" name="test1100" time="0"/>
  <testcase classname="RegressionTest2" name="test1101" time="0"/>
  <testcase classname="RegressionTest2" name="test1102" time="0"/>
  <testcase classname="RegressionTest2" name="test1103" time="0"/>
  <testcase classname="RegressionTest2" name="test1104" time="0"/>
  <testcase classname="RegressionTest2" name="test1105" time="0"/>
  <testcase classname="RegressionTest2" name="test1106" time="0"/>
  <testcase classname="RegressionTest2" name="test1107" time="0"/>
  <testcase classname="RegressionTest2" name="test1108" time="0"/>
  <testcase classname="RegressionTest2" name="test1109" time="0"/>
  <testcase classname="RegressionTest2" name="test1110" time="0"/>
  <testcase classname="RegressionTest2" name="test1111" time="0"/>
  <testcase classname="RegressionTest2" name="test1112" time="0"/>
  <testcase classname="RegressionTest2" name="test1113" time="0"/>
  <testcase classname="RegressionTest2" name="test1114" time="0"/>
  <testcase classname="RegressionTest2" name="test1115" time="0"/>
  <testcase classname="RegressionTest2" name="test1116" time="0"/>
  <testcase classname="RegressionTest2" name="test1117" time="0"/>
  <testcase classname="RegressionTest2" name="test1118" time="0"/>
  <testcase classname="RegressionTest2" name="test1119" time="0"/>
  <testcase classname="RegressionTest2" name="test1120" time="0.001"/>
  <testcase classname="RegressionTest2" name="test1121" time="0"/>
  <testcase classname="RegressionTest2" name="test1122" time="0"/>
  <testcase classname="RegressionTest2" name="test1123" time="0"/>
  <testcase classname="RegressionTest2" name="test1124" time="0"/>
  <testcase classname="RegressionTest2" name="test1125" time="0"/>
  <testcase classname="RegressionTest2" name="test1126" time="0"/>
  <testcase classname="RegressionTest2" name="test1127" time="0"/>
  <testcase classname="RegressionTest2" name="test1128" time="0"/>
  <testcase classname="RegressionTest2" name="test1129" time="0"/>
  <testcase classname="RegressionTest2" name="test1130" time="0"/>
  <testcase classname="RegressionTest2" name="test1131" time="0.001"/>
  <testcase classname="RegressionTest2" name="test1132" time="0"/>
  <testcase classname="RegressionTest2" name="test1133" time="0"/>
  <testcase classname="RegressionTest2" name="test1134" time="0"/>
  <testcase classname="RegressionTest2" name="test1135" time="0"/>
  <testcase classname="RegressionTest2" name="test1136" time="0"/>
  <testcase classname="RegressionTest2" name="test1137" time="0"/>
  <testcase classname="RegressionTest2" name="test1138" time="0"/>
  <testcase classname="RegressionTest2" name="test1139" time="0"/>
  <testcase classname="RegressionTest2" name="test1140" time="0"/>
  <testcase classname="RegressionTest2" name="test1141" time="0"/>
  <testcase classname="RegressionTest2" name="test1142" time="0"/>
  <testcase classname="RegressionTest2" name="test1143" time="0"/>
  <testcase classname="RegressionTest2" name="test1144" time="0"/>
  <testcase classname="RegressionTest2" name="test1145" time="0"/>
  <testcase classname="RegressionTest2" name="test1146" time="0"/>
  <testcase classname="RegressionTest2" name="test1147" time="0"/>
  <testcase classname="RegressionTest2" name="test1148" time="0"/>
  <testcase classname="RegressionTest2" name="test1149" time="0.002"/>
  <testcase classname="RegressionTest2" name="test1150" time="0"/>
  <testcase classname="RegressionTest2" name="test1151" time="0"/>
  <testcase classname="RegressionTest2" name="test1152" time="0"/>
  <testcase classname="RegressionTest2" name="test1153" time="0"/>
  <testcase classname="RegressionTest2" name="test1154" time="0"/>
  <testcase classname="RegressionTest2" name="test1155" time="0.001"/>
  <testcase classname="RegressionTest2" name="test1156" time="0"/>
  <testcase classname="RegressionTest2" name="test1157" time="0"/>
  <testcase classname="RegressionTest2" name="test1158" time="0"/>
  <testcase classname="RegressionTest2" name="test1159" time="0"/>
  <testcase classname="RegressionTest2" name="test1160" time="0"/>
  <testcase classname="RegressionTest2" name="test1161" time="0"/>
  <testcase classname="RegressionTest2" name="test1162" time="0"/>
  <testcase classname="RegressionTest2" name="test1163" time="0"/>
  <testcase classname="RegressionTest2" name="test1164" time="0"/>
  <testcase classname="RegressionTest2" name="test1165" time="0"/>
  <testcase classname="RegressionTest2" name="test1166" time="0.001"/>
  <testcase classname="RegressionTest2" name="test1167" time="0"/>
  <testcase classname="RegressionTest2" name="test1168" time="0"/>
  <testcase classname="RegressionTest2" name="test1169" time="0"/>
  <testcase classname="RegressionTest2" name="test1170" time="0"/>
  <testcase classname="RegressionTest2" name="test1171" time="0"/>
  <testcase classname="RegressionTest2" name="test1172" time="0"/>
  <testcase classname="RegressionTest2" name="test1173" time="0"/>
  <testcase classname="RegressionTest2" name="test1174" time="0"/>
  <testcase classname="RegressionTest2" name="test1175" time="0"/>
  <testcase classname="RegressionTest2" name="test1176" time="0"/>
  <testcase classname="RegressionTest2" name="test1177" time="0"/>
  <testcase classname="RegressionTest2" name="test1178" time="0"/>
  <testcase classname="RegressionTest2" name="test1179" time="0"/>
  <testcase classname="RegressionTest2" name="test1180" time="0.001"/>
  <testcase classname="RegressionTest2" name="test1181" time="0"/>
  <testcase classname="RegressionTest2" name="test1182" time="0"/>
  <testcase classname="RegressionTest2" name="test1183" time="0"/>
  <testcase classname="RegressionTest2" name="test1184" time="0"/>
  <testcase classname="RegressionTest2" name="test1185" time="0"/>
  <testcase classname="RegressionTest2" name="test1186" time="0"/>
  <testcase classname="RegressionTest2" name="test1187" time="0"/>
  <testcase classname="RegressionTest2" name="test1188" time="0"/>
  <testcase classname="RegressionTest2" name="test1189" time="0"/>
  <testcase classname="RegressionTest2" name="test1190" time="0"/>
  <testcase classname="RegressionTest2" name="test1191" time="0"/>
  <testcase classname="RegressionTest2" name="test1192" time="0"/>
  <testcase classname="RegressionTest2" name="test1193" time="0"/>
  <testcase classname="RegressionTest2" name="test1194" time="0"/>
  <testcase classname="RegressionTest2" name="test1195" time="0"/>
  <testcase classname="RegressionTest2" name="test1196" time="0"/>
  <testcase classname="RegressionTest2" name="test1197" time="0.001"/>
  <testcase classname="RegressionTest2" name="test1198" time="0"/>
  <testcase classname="RegressionTest2" name="test1199" time="0"/>
  <testcase classname="RegressionTest2" name="test1200" time="0"/>
  <testcase classname="RegressionTest2" name="test1201" time="0.001"/>
  <testcase classname="RegressionTest2" name="test1202" time="0"/>
  <testcase classname="RegressionTest2" name="test1203" time="0"/>
  <testcase classname="RegressionTest2" name="test1204" time="0"/>
  <testcase classname="RegressionTest2" name="test1205" time="0"/>
  <testcase classname="RegressionTest2" name="test1206" time="0"/>
  <testcase classname="RegressionTest2" name="test1207" time="0"/>
  <testcase classname="RegressionTest2" name="test1208" time="0"/>
  <testcase classname="RegressionTest2" name="test1209" time="0"/>
  <testcase classname="RegressionTest2" name="test1210" time="0"/>
  <testcase classname="RegressionTest2" name="test1211" time="0"/>
  <testcase classname="RegressionTest2" name="test1212" time="0"/>
  <testcase classname="RegressionTest2" name="test1213" time="0.001"/>
  <testcase classname="RegressionTest2" name="test1214" time="0"/>
  <testcase classname="RegressionTest2" name="test1215" time="0"/>
  <testcase classname="RegressionTest2" name="test1216" time="0"/>
  <testcase classname="RegressionTest2" name="test1217" time="0"/>
  <testcase classname="RegressionTest2" name="test1218" time="0"/>
  <testcase classname="RegressionTest2" name="test1219" time="0"/>
  <testcase classname="RegressionTest2" name="test1220" time="0"/>
  <testcase classname="RegressionTest2" name="test1221" time="0"/>
  <testcase classname="RegressionTest2" name="test1222" time="0"/>
  <testcase classname="RegressionTest2" name="test1223" time="0"/>
  <testcase classname="RegressionTest2" name="test1224" time="0"/>
  <testcase classname="RegressionTest2" name="test1225" time="0"/>
  <testcase classname="RegressionTest2" name="test1226" time="0"/>
  <testcase classname="RegressionTest2" name="test1227" time="0"/>
  <testcase classname="RegressionTest2" name="test1228" time="0"/>
  <testcase classname="RegressionTest2" name="test1229" time="0"/>
  <testcase classname="RegressionTest2" name="test1230" time="0"/>
  <testcase classname="RegressionTest2" name="test1231" time="0"/>
  <testcase classname="RegressionTest2" name="test1232" time="0"/>
  <testcase classname="RegressionTest2" name="test1233" time="0"/>
  <testcase classname="RegressionTest2" name="test1234" time="0"/>
  <testcase classname="RegressionTest2" name="test1235" time="0"/>
  <testcase classname="RegressionTest2" name="test1236" time="0"/>
  <testcase classname="RegressionTest2" name="test1237" time="0"/>
  <testcase classname="RegressionTest2" name="test1238" time="0"/>
  <testcase classname="RegressionTest2" name="test1239" time="0"/>
  <testcase classname="RegressionTest2" name="test1240" time="0"/>
  <testcase classname="RegressionTest2" name="test1241" time="0"/>
  <testcase classname="RegressionTest2" name="test1242" time="0"/>
  <testcase classname="RegressionTest2" name="test1243" time="0"/>
  <testcase classname="RegressionTest2" name="test1244" time="0"/>
  <testcase classname="RegressionTest2" name="test1245" time="0"/>
  <testcase classname="RegressionTest2" name="test1246" time="0"/>
  <testcase classname="RegressionTest2" name="test1247" time="0"/>
  <testcase classname="RegressionTest2" name="test1248" time="0"/>
  <testcase classname="RegressionTest2" name="test1249" time="0"/>
  <testcase classname="RegressionTest2" name="test1250" time="0"/>
  <testcase classname="RegressionTest2" name="test1251" time="0.001"/>
  <testcase classname="RegressionTest2" name="test1252" time="0"/>
  <testcase classname="RegressionTest2" name="test1253" time="0"/>
  <testcase classname="RegressionTest2" name="test1254" time="0"/>
  <testcase classname="RegressionTest2" name="test1255" time="0"/>
  <testcase classname="RegressionTest2" name="test1256" time="0"/>
  <testcase classname="RegressionTest2" name="test1257" time="0.001"/>
  <testcase classname="RegressionTest2" name="test1258" time="0"/>
  <testcase classname="RegressionTest2" name="test1259" time="0"/>
  <testcase classname="RegressionTest2" name="test1260" time="0"/>
  <testcase classname="RegressionTest2" name="test1261" time="0"/>
  <testcase classname="RegressionTest2" name="test1262" time="0"/>
  <testcase classname="RegressionTest2" name="test1263" time="0"/>
  <testcase classname="RegressionTest2" name="test1264" time="0"/>
  <testcase classname="RegressionTest2" name="test1265" time="0"/>
  <testcase classname="RegressionTest2" name="test1266" time="0"/>
  <testcase classname="RegressionTest2" name="test1267" time="0"/>
  <testcase classname="RegressionTest2" name="test1268" time="0"/>
  <testcase classname="RegressionTest2" name="test1269" time="0"/>
  <testcase classname="RegressionTest2" name="test1270" time="0"/>
  <testcase classname="RegressionTest2" name="test1271" time="0"/>
  <testcase classname="RegressionTest2" name="test1272" time="0.004"/>
  <testcase classname="RegressionTest2" name="test1273" time="0"/>
  <testcase classname="RegressionTest2" name="test1274" time="0.001"/>
  <testcase classname="RegressionTest2" name="test1275" time="0"/>
  <testcase classname="RegressionTest2" name="test1276" time="0"/>
  <testcase classname="RegressionTest2" name="test1277" time="0"/>
  <testcase classname="RegressionTest2" name="test1278" time="0"/>
  <testcase classname="RegressionTest2" name="test1279" time="0"/>
  <testcase classname="RegressionTest2" name="test1280" time="0"/>
  <testcase classname="RegressionTest2" name="test1281" time="0"/>
  <testcase classname="RegressionTest2" name="test1282" time="0.001"/>
  <testcase classname="RegressionTest2" name="test1283" time="0"/>
  <testcase classname="RegressionTest2" name="test1284" time="0"/>
  <testcase classname="RegressionTest2" name="test1285" time="0"/>
  <testcase classname="RegressionTest2" name="test1286" time="0"/>
  <testcase classname="RegressionTest2" name="test1287" time="0"/>
  <testcase classname="RegressionTest2" name="test1288" time="0.001"/>
  <testcase classname="RegressionTest2" name="test1289" time="0"/>
  <testcase classname="RegressionTest2" name="test1290" time="0"/>
  <testcase classname="RegressionTest2" name="test1291" time="0"/>
  <testcase classname="RegressionTest2" name="test1292" time="0"/>
  <testcase classname="RegressionTest2" name="test1293" time="0"/>
  <testcase classname="RegressionTest2" name="test1294" time="0"/>
  <testcase classname="RegressionTest2" name="test1295" time="0"/>
  <testcase classname="RegressionTest2" name="test1296" time="0"/>
  <testcase classname="RegressionTest2" name="test1297" time="0"/>
  <testcase classname="RegressionTest2" name="test1298" time="0"/>
  <testcase classname="RegressionTest2" name="test1299" time="0"/>
  <testcase classname="RegressionTest2" name="test1300" time="0"/>
  <testcase classname="RegressionTest2" name="test1301" time="0"/>
  <testcase classname="RegressionTest2" name="test1302" time="0.001"/>
  <testcase classname="RegressionTest2" name="test1303" time="0"/>
  <testcase classname="RegressionTest2" name="test1304" time="0"/>
  <testcase classname="RegressionTest2" name="test1305" time="0"/>
  <testcase classname="RegressionTest2" name="test1306" time="0"/>
  <testcase classname="RegressionTest2" name="test1307" time="0"/>
  <testcase classname="RegressionTest2" name="test1308" time="0"/>
  <testcase classname="RegressionTest2" name="test1309" time="0"/>
  <testcase classname="RegressionTest2" name="test1310" time="0"/>
  <testcase classname="RegressionTest2" name="test1311" time="0"/>
  <testcase classname="RegressionTest2" name="test1312" time="0"/>
  <testcase classname="RegressionTest2" name="test1313" time="0"/>
  <testcase classname="RegressionTest2" name="test1314" time="0"/>
  <testcase classname="RegressionTest2" name="test1315" time="0"/>
  <testcase classname="RegressionTest2" name="test1316" time="0"/>
  <testcase classname="RegressionTest2" name="test1317" time="0"/>
  <testcase classname="RegressionTest2" name="test1318" time="0"/>
  <testcase classname="RegressionTest2" name="test1319" time="0"/>
  <testcase classname="RegressionTest2" name="test1320" time="0"/>
  <testcase classname="RegressionTest2" name="test1321" time="0"/>
  <testcase classname="RegressionTest2" name="test1322" time="0"/>
  <testcase classname="RegressionTest2" name="test1323" time="0"/>
  <testcase classname="RegressionTest2" name="test1324" time="0"/>
  <testcase classname="RegressionTest2" name="test1325" time="0"/>
  <testcase classname="RegressionTest2" name="test1326" time="0"/>
  <testcase classname="RegressionTest2" name="test1327" time="0"/>
  <testcase classname="RegressionTest2" name="test1328" time="0"/>
  <testcase classname="RegressionTest2" name="test1329" time="0"/>
  <testcase classname="RegressionTest2" name="test1330" time="0"/>
  <testcase classname="RegressionTest2" name="test1331" time="0"/>
  <testcase classname="RegressionTest2" name="test1332" time="0.001"/>
  <testcase classname="RegressionTest2" name="test1333" time="0"/>
  <testcase classname="RegressionTest2" name="test1334" time="0"/>
  <testcase classname="RegressionTest2" name="test1335" time="0"/>
  <testcase classname="RegressionTest2" name="test1336" time="0"/>
  <testcase classname="RegressionTest2" name="test1337" time="0"/>
  <testcase classname="RegressionTest2" name="test1338" time="0"/>
  <testcase classname="RegressionTest2" name="test1339" time="0"/>
  <testcase classname="RegressionTest2" name="test1340" time="0"/>
  <testcase classname="RegressionTest2" name="test1341" time="0"/>
  <testcase classname="RegressionTest2" name="test1342" time="0"/>
  <testcase classname="RegressionTest2" name="test1343" time="0"/>
  <testcase classname="RegressionTest2" name="test1344" time="0"/>
  <testcase classname="RegressionTest2" name="test1345" time="0"/>
  <testcase classname="RegressionTest2" name="test1346" time="0"/>
  <testcase classname="RegressionTest2" name="test1347" time="0"/>
  <testcase classname="RegressionTest2" name="test1348" time="0"/>
  <testcase classname="RegressionTest2" name="test1349" time="0"/>
  <testcase classname="RegressionTest2" name="test1350" time="0"/>
  <testcase classname="RegressionTest2" name="test1351" time="0"/>
  <testcase classname="RegressionTest2" name="test1352" time="0"/>
  <testcase classname="RegressionTest2" name="test1353" time="0"/>
  <testcase classname="RegressionTest2" name="test1354" time="0"/>
  <testcase classname="RegressionTest2" name="test1355" time="0"/>
  <testcase classname="RegressionTest2" name="test1356" time="0"/>
  <testcase classname="RegressionTest2" name="test1357" time="0"/>
  <testcase classname="RegressionTest2" name="test1358" time="0"/>
  <testcase classname="RegressionTest2" name="test1359" time="0"/>
  <testcase classname="RegressionTest2" name="test1360" time="0"/>
  <testcase classname="RegressionTest2" name="test1361" time="0"/>
  <testcase classname="RegressionTest2" name="test1362" time="0"/>
  <testcase classname="RegressionTest2" name="test1363" time="0"/>
  <testcase classname="RegressionTest2" name="test1364" time="0"/>
  <testcase classname="RegressionTest2" name="test1365" time="0"/>
  <testcase classname="RegressionTest2" name="test1366" time="0"/>
  <testcase classname="RegressionTest2" name="test1367" time="0"/>
  <testcase classname="RegressionTest2" name="test1368" time="0"/>
  <testcase classname="RegressionTest2" name="test1369" time="0"/>
  <testcase classname="RegressionTest2" name="test1370" time="0"/>
  <testcase classname="RegressionTest2" name="test1371" time="0"/>
  <testcase classname="RegressionTest2" name="test1372" time="0"/>
  <testcase classname="RegressionTest2" name="test1373" time="0"/>
  <testcase classname="RegressionTest2" name="test1374" time="0"/>
  <testcase classname="RegressionTest2" name="test1375" time="0"/>
  <testcase classname="RegressionTest2" name="test1376" time="0"/>
  <testcase classname="RegressionTest2" name="test1377" time="0"/>
  <testcase classname="RegressionTest2" name="test1378" time="0"/>
  <testcase classname="RegressionTest2" name="test1379" time="0"/>
  <testcase classname="RegressionTest2" name="test1380" time="0"/>
  <testcase classname="RegressionTest2" name="test1381" time="0"/>
  <testcase classname="RegressionTest2" name="test1382" time="0.001"/>
  <testcase classname="RegressionTest2" name="test1383" time="0"/>
  <testcase classname="RegressionTest2" name="test1384" time="0"/>
  <testcase classname="RegressionTest2" name="test1385" time="0"/>
  <testcase classname="RegressionTest2" name="test1386" time="0"/>
  <testcase classname="RegressionTest2" name="test1387" time="0"/>
  <testcase classname="RegressionTest2" name="test1388" time="0"/>
  <testcase classname="RegressionTest2" name="test1389" time="0"/>
  <testcase classname="RegressionTest2" name="test1390" time="0"/>
  <testcase classname="RegressionTest2" name="test1391" time="0"/>
  <testcase classname="RegressionTest2" name="test1392" time="0.001"/>
  <testcase classname="RegressionTest2" name="test1393" time="0"/>
  <testcase classname="RegressionTest2" name="test1394" time="0"/>
  <testcase classname="RegressionTest2" name="test1395" time="0"/>
  <testcase classname="RegressionTest2" name="test1396" time="0"/>
  <testcase classname="RegressionTest2" name="test1397" time="0"/>
  <testcase classname="RegressionTest2" name="test1398" time="0"/>
  <testcase classname="RegressionTest2" name="test1399" time="0"/>
  <testcase classname="RegressionTest2" name="test1400" time="0"/>
  <testcase classname="RegressionTest2" name="test1401" time="0"/>
  <testcase classname="RegressionTest2" name="test1402" time="0"/>
  <testcase classname="RegressionTest2" name="test1403" time="0.001"/>
  <testcase classname="RegressionTest2" name="test1404" time="0"/>
  <testcase classname="RegressionTest2" name="test1405" time="0"/>
  <testcase classname="RegressionTest2" name="test1406" time="0"/>
  <testcase classname="RegressionTest2" name="test1407" time="0"/>
  <testcase classname="RegressionTest2" name="test1408" time="0"/>
  <testcase classname="RegressionTest2" name="test1409" time="0"/>
  <testcase classname="RegressionTest2" name="test1410" time="0"/>
  <testcase classname="RegressionTest2" name="test1411" time="0"/>
  <testcase classname="RegressionTest2" name="test1412" time="0"/>
  <testcase classname="RegressionTest2" name="test1413" time="0"/>
  <testcase classname="RegressionTest2" name="test1414" time="0"/>
  <testcase classname="RegressionTest2" name="test1415" time="0"/>
  <testcase classname="RegressionTest2" name="test1416" time="0"/>
  <testcase classname="RegressionTest2" name="test1417" time="0"/>
  <testcase classname="RegressionTest2" name="test1418" time="0"/>
  <testcase classname="RegressionTest2" name="test1419" time="0"/>
  <testcase classname="RegressionTest2" name="test1420" time="0"/>
  <testcase classname="RegressionTest2" name="test1421" time="0"/>
  <testcase classname="RegressionTest2" name="test1422" time="0"/>
  <testcase classname="RegressionTest2" name="test1423" time="0.001"/>
  <testcase classname="RegressionTest2" name="test1424" time="0"/>
  <testcase classname="RegressionTest2" name="test1425" time="0"/>
  <testcase classname="RegressionTest2" name="test1426" time="0"/>
  <testcase classname="RegressionTest2" name="test1427" time="0"/>
  <testcase classname="RegressionTest2" name="test1428" time="0"/>
  <testcase classname="RegressionTest2" name="test1429" time="0"/>
  <testcase classname="RegressionTest2" name="test1430" time="0"/>
  <testcase classname="RegressionTest2" name="test1431" time="0"/>
  <testcase classname="RegressionTest2" name="test1432" time="0"/>
  <testcase classname="RegressionTest2" name="test1433" time="0"/>
  <testcase classname="RegressionTest2" name="test1434" time="0"/>
  <testcase classname="RegressionTest2" name="test1435" time="0"/>
  <testcase classname="RegressionTest2" name="test1436" time="0"/>
  <testcase classname="RegressionTest2" name="test1437" time="0"/>
  <testcase classname="RegressionTest2" name="test1438" time="0"/>
  <testcase classname="RegressionTest2" name="test1439" time="0"/>
  <testcase classname="RegressionTest2" name="test1440" time="0"/>
  <testcase classname="RegressionTest2" name="test1441" time="0"/>
  <testcase classname="RegressionTest2" name="test1442" time="0"/>
  <testcase classname="RegressionTest2" name="test1443" time="0"/>
  <testcase classname="RegressionTest2" name="test1444" time="0"/>
  <testcase classname="RegressionTest2" name="test1445" time="0"/>
  <testcase classname="RegressionTest2" name="test1446" time="0"/>
  <testcase classname="RegressionTest2" name="test1447" time="0"/>
  <testcase classname="RegressionTest2" name="test1448" time="0"/>
  <testcase classname="RegressionTest2" name="test1449" time="0"/>
  <testcase classname="RegressionTest2" name="test1450" time="0.001"/>
  <testcase classname="RegressionTest2" name="test1451" time="0"/>
  <testcase classname="RegressionTest2" name="test1452" time="0"/>
  <testcase classname="RegressionTest2" name="test1453" time="0"/>
  <testcase classname="RegressionTest2" name="test1454" time="0"/>
  <testcase classname="RegressionTest2" name="test1455" time="0"/>
  <testcase classname="RegressionTest2" name="test1456" time="0"/>
  <testcase classname="RegressionTest2" name="test1457" time="0"/>
  <testcase classname="RegressionTest2" name="test1458" time="0"/>
  <testcase classname="RegressionTest2" name="test1459" time="0"/>
  <testcase classname="RegressionTest2" name="test1460" time="0"/>
  <testcase classname="RegressionTest2" name="test1461" time="0"/>
  <testcase classname="RegressionTest2" name="test1462" time="0"/>
  <testcase classname="RegressionTest2" name="test1463" time="0"/>
  <testcase classname="RegressionTest2" name="test1464" time="0"/>
  <testcase classname="RegressionTest2" name="test1465" time="0"/>
  <testcase classname="RegressionTest2" name="test1466" time="0.001"/>
  <testcase classname="RegressionTest2" name="test1467" time="0"/>
  <testcase classname="RegressionTest2" name="test1468" time="0"/>
  <testcase classname="RegressionTest2" name="test1469" time="0"/>
  <testcase classname="RegressionTest2" name="test1470" time="0"/>
  <testcase classname="RegressionTest2" name="test1471" time="0"/>
  <testcase classname="RegressionTest2" name="test1472" time="0"/>
  <testcase classname="RegressionTest2" name="test1473" time="0"/>
  <testcase classname="RegressionTest2" name="test1474" time="0"/>
  <testcase classname="RegressionTest2" name="test1475" time="0"/>
  <testcase classname="RegressionTest2" name="test1476" time="0"/>
  <testcase classname="RegressionTest2" name="test1477" time="0"/>
  <testcase classname="RegressionTest2" name="test1478" time="0"/>
  <testcase classname="RegressionTest2" name="test1479" time="0"/>
  <testcase classname="RegressionTest2" name="test1480" time="0"/>
  <testcase classname="RegressionTest2" name="test1481" time="0"/>
  <testcase classname="RegressionTest2" name="test1482" time="0"/>
  <testcase classname="RegressionTest2" name="test1483" time="0"/>
  <testcase classname="RegressionTest2" name="test1484" time="0"/>
  <testcase classname="RegressionTest2" name="test1485" time="0"/>
  <testcase classname="RegressionTest2" name="test1486" time="0.001"/>
  <testcase classname="RegressionTest2" name="test1487" time="0"/>
  <testcase classname="RegressionTest2" name="test1488" time="0"/>
  <testcase classname="RegressionTest2" name="test1489" time="0"/>
  <testcase classname="RegressionTest2" name="test1490" time="0"/>
  <testcase classname="RegressionTest2" name="test1491" time="0"/>
  <testcase classname="RegressionTest2" name="test1492" time="0"/>
  <testcase classname="RegressionTest2" name="test1493" time="0"/>
  <testcase classname="RegressionTest2" name="test1494" time="0"/>
  <testcase classname="RegressionTest2" name="test1495" time="0"/>
  <testcase classname="RegressionTest2" name="test1496" time="0"/>
  <testcase classname="RegressionTest2" name="test1497" time="0"/>
  <testcase classname="RegressionTest2" name="test1498" time="0"/>
  <testcase classname="RegressionTest2" name="test1499" time="0"/>
  <testcase classname="RegressionTest2" name="test1500" time="0"/>
  <testcase classname="RegressionTest3" name="test1501" time="0"/>
  <testcase classname="RegressionTest3" name="test1502" time="0"/>
  <testcase classname="RegressionTest3" name="test1503" time="0"/>
  <testcase classname="RegressionTest3" name="test1504" time="0"/>
  <testcase classname="RegressionTest3" name="test1505" time="0"/>
  <testcase classname="RegressionTest3" name="test1506" time="0"/>
  <testcase classname="RegressionTest3" name="test1507" time="0"/>
  <testcase classname="RegressionTest3" name="test1508" time="0.003"/>
  <testcase classname="RegressionTest3" name="test1509" time="0"/>
  <testcase classname="RegressionTest3" name="test1510" time="0"/>
  <testcase classname="RegressionTest3" name="test1511" time="0"/>
  <testcase classname="RegressionTest3" name="test1512" time="0"/>
  <testcase classname="RegressionTest3" name="test1513" time="0"/>
  <testcase classname="RegressionTest3" name="test1514" time="0"/>
  <testcase classname="RegressionTest3" name="test1515" time="0"/>
  <testcase classname="RegressionTest3" name="test1516" time="0"/>
  <testcase classname="RegressionTest3" name="test1517" time="0"/>
  <testcase classname="RegressionTest3" name="test1518" time="0"/>
  <testcase classname="RegressionTest3" name="test1519" time="0"/>
  <testcase classname="RegressionTest3" name="test1520" time="0"/>
  <testcase classname="RegressionTest3" name="test1521" time="0"/>
  <testcase classname="RegressionTest3" name="test1522" time="0"/>
  <testcase classname="RegressionTest3" name="test1523" time="0"/>
  <testcase classname="RegressionTest3" name="test1524" time="0"/>
  <testcase classname="RegressionTest3" name="test1525" time="0"/>
  <testcase classname="RegressionTest3" name="test1526" time="0"/>
  <testcase classname="RegressionTest3" name="test1527" time="0"/>
  <testcase classname="RegressionTest3" name="test1528" time="0"/>
  <testcase classname="RegressionTest3" name="test1529" time="0"/>
  <testcase classname="RegressionTest3" name="test1530" time="0"/>
  <testcase classname="RegressionTest3" name="test1531" time="0"/>
  <testcase classname="RegressionTest3" name="test1532" time="0"/>
  <testcase classname="RegressionTest3" name="test1533" time="0"/>
  <testcase classname="RegressionTest3" name="test1534" time="0"/>
  <testcase classname="RegressionTest3" name="test1535" time="0"/>
  <testcase classname="RegressionTest3" name="test1536" time="0"/>
  <testcase classname="RegressionTest3" name="test1537" time="0"/>
  <testcase classname="RegressionTest3" name="test1538" time="0"/>
  <testcase classname="RegressionTest3" name="test1539" time="0"/>
  <testcase classname="RegressionTest3" name="test1540" time="0"/>
  <testcase classname="RegressionTest3" name="test1541" time="0"/>
  <testcase classname="RegressionTest3" name="test1542" time="0"/>
  <testcase classname="RegressionTest3" name="test1543" time="0"/>
  <testcase classname="RegressionTest3" name="test1544" time="0"/>
  <testcase classname="RegressionTest3" name="test1545" time="0"/>
  <testcase classname="RegressionTest3" name="test1546" time="0"/>
  <testcase classname="RegressionTest3" name="test1547" time="0"/>
  <testcase classname="RegressionTest3" name="test1548" time="0"/>
  <testcase classname="RegressionTest3" name="test1549" time="0"/>
  <testcase classname="RegressionTest3" name="test1550" time="0"/>
  <testcase classname="RegressionTest3" name="test1551" time="0"/>
  <testcase classname="RegressionTest3" name="test1552" time="0"/>
  <testcase classname="RegressionTest3" name="test1553" time="0.005"/>
  <testcase classname="RegressionTest3" name="test1554" time="0"/>
  <testcase classname="RegressionTest3" name="test1555" time="0"/>
  <testcase classname="RegressionTest3" name="test1556" time="0"/>
  <testcase classname="RegressionTest3" name="test1557" time="0"/>
  <testcase classname="RegressionTest3" name="test1558" time="0"/>
  <testcase classname="RegressionTest3" name="test1559" time="0"/>
  <testcase classname="RegressionTest3" name="test1560" time="0"/>
  <testcase classname="RegressionTest3" name="test1561" time="0"/>
  <testcase classname="RegressionTest3" name="test1562" time="0"/>
  <testcase classname="RegressionTest3" name="test1563" time="0"/>
  <testcase classname="RegressionTest3" name="test1564" time="0"/>
  <testcase classname="RegressionTest3" name="test1565" time="0"/>
  <testcase classname="RegressionTest3" name="test1566" time="0"/>
  <testcase classname="RegressionTest3" name="test1567" time="0"/>
  <testcase classname="RegressionTest3" name="test1568" time="0"/>
  <testcase classname="RegressionTest3" name="test1569" time="0"/>
  <testcase classname="RegressionTest3" name="test1570" time="0"/>
  <testcase classname="RegressionTest3" name="test1571" time="0"/>
  <testcase classname="RegressionTest3" name="test1572" time="0"/>
  <testcase classname="RegressionTest3" name="test1573" time="0"/>
  <testcase classname="RegressionTest3" name="test1574" time="0"/>
  <testcase classname="RegressionTest3" name="test1575" time="0"/>
  <testcase classname="RegressionTest3" name="test1576" time="0"/>
  <testcase classname="RegressionTest3" name="test1577" time="0"/>
  <testcase classname="RegressionTest3" name="test1578" time="0"/>
  <testcase classname="RegressionTest3" name="test1579" time="0"/>
  <testcase classname="RegressionTest3" name="test1580" time="0"/>
  <testcase classname="RegressionTest3" name="test1581" time="0"/>
  <testcase classname="RegressionTest3" name="test1582" time="0"/>
  <testcase classname="RegressionTest3" name="test1583" time="0"/>
  <testcase classname="RegressionTest3" name="test1584" time="0"/>
  <testcase classname="RegressionTest3" name="test1585" time="0.001"/>
  <testcase classname="RegressionTest3" name="test1586" time="0"/>
  <testcase classname="RegressionTest3" name="test1587" time="0"/>
  <testcase classname="RegressionTest3" name="test1588" time="0"/>
  <testcase classname="RegressionTest3" name="test1589" time="0"/>
  <testcase classname="RegressionTest3" name="test1590" time="0"/>
  <testcase classname="RegressionTest3" name="test1591" time="0"/>
  <testcase classname="RegressionTest3" name="test1592" time="0"/>
  <testcase classname="RegressionTest3" name="test1593" time="0"/>
  <testcase classname="RegressionTest3" name="test1594" time="0"/>
  <testcase classname="RegressionTest3" name="test1595" time="0"/>
  <testcase classname="RegressionTest3" name="test1596" time="0"/>
  <testcase classname="RegressionTest3" name="test1597" time="0"/>
  <testcase classname="RegressionTest3" name="test1598" time="0"/>
  <testcase classname="RegressionTest3" name="test1599" time="0"/>
  <testcase classname="RegressionTest3" name="test1600" time="0"/>
  <testcase classname="RegressionTest3" name="test1601" time="0"/>
  <testcase classname="RegressionTest3" name="test1602" time="0"/>
  <testcase classname="RegressionTest3" name="test1603" time="0"/>
  <testcase classname="RegressionTest3" name="test1604" time="0"/>
  <testcase classname="RegressionTest3" name="test1605" time="0"/>
  <testcase classname="RegressionTest3" name="test1606" time="0"/>
  <testcase classname="RegressionTest3" name="test1607" time="0"/>
  <testcase classname="RegressionTest3" name="test1608" time="0"/>
  <testcase classname="RegressionTest3" name="test1609" time="0"/>
  <testcase classname="RegressionTest3" name="test1610" time="0"/>
  <testcase classname="RegressionTest3" name="test1611" time="0"/>
  <testcase classname="RegressionTest3" name="test1612" time="0"/>
  <testcase classname="RegressionTest3" name="test1613" time="0"/>
  <testcase classname="RegressionTest3" name="test1614" time="0"/>
  <testcase classname="RegressionTest3" name="test1615" time="0"/>
  <testcase classname="RegressionTest3" name="test1616" time="0"/>
  <testcase classname="RegressionTest3" name="test1617" time="0"/>
  <testcase classname="RegressionTest3" name="test1618" time="0"/>
  <testcase classname="RegressionTest3" name="test1619" time="0"/>
  <testcase classname="RegressionTest3" name="test1620" time="0"/>
  <testcase classname="RegressionTest3" name="test1621" time="0"/>
  <testcase classname="RegressionTest3" name="test1622" time="0"/>
  <testcase classname="RegressionTest3" name="test1623" time="0.001"/>
  <testcase classname="RegressionTest3" name="test1624" time="0"/>
  <testcase classname="RegressionTest3" name="test1625" time="0"/>
  <testcase classname="RegressionTest3" name="test1626" time="0"/>
  <testcase classname="RegressionTest3" name="test1627" time="0"/>
  <testcase classname="RegressionTest3" name="test1628" time="0"/>
  <testcase classname="RegressionTest3" name="test1629" time="0"/>
  <testcase classname="RegressionTest3" name="test1630" time="0"/>
  <testcase classname="RegressionTest3" name="test1631" time="0"/>
  <testcase classname="RegressionTest3" name="test1632" time="0"/>
  <testcase classname="RegressionTest3" name="test1633" time="0"/>
  <testcase classname="RegressionTest3" name="test1634" time="0"/>
  <testcase classname="RegressionTest3" name="test1635" time="0"/>
  <testcase classname="RegressionTest3" name="test1636" time="0"/>
  <testcase classname="RegressionTest3" name="test1637" time="0"/>
  <testcase classname="RegressionTest3" name="test1638" time="0"/>
  <testcase classname="RegressionTest3" name="test1639" time="0"/>
  <testcase classname="RegressionTest3" name="test1640" time="0"/>
  <testcase classname="RegressionTest3" name="test1641" time="0"/>
  <testcase classname="RegressionTest3" name="test1642" time="0"/>
  <testcase classname="RegressionTest3" name="test1643" time="0"/>
  <testcase classname="RegressionTest3" name="test1644" time="0"/>
  <testcase classname="RegressionTest3" name="test1645" time="0"/>
  <testcase classname="RegressionTest3" name="test1646" time="0"/>
  <testcase classname="RegressionTest3" name="test1647" time="0"/>
  <testcase classname="RegressionTest3" name="test1648" time="0"/>
  <testcase classname="RegressionTest3" name="test1649" time="0"/>
  <testcase classname="RegressionTest3" name="test1650" time="0"/>
  <testcase classname="RegressionTest3" name="test1651" time="0"/>
  <testcase classname="RegressionTest3" name="test1652" time="0"/>
  <testcase classname="RegressionTest3" name="test1653" time="0"/>
  <testcase classname="RegressionTest3" name="test1654" time="0"/>
  <testcase classname="RegressionTest3" name="test1655" time="0"/>
  <testcase classname="RegressionTest3" name="test1656" time="0"/>
  <testcase classname="RegressionTest3" name="test1657" time="0"/>
  <testcase classname="RegressionTest3" name="test1658" time="0"/>
  <testcase classname="RegressionTest3" name="test1659" time="0"/>
  <testcase classname="RegressionTest3" name="test1660" time="0"/>
  <testcase classname="RegressionTest3" name="test1661" time="0"/>
  <testcase classname="RegressionTest3" name="test1662" time="0"/>
  <testcase classname="RegressionTest3" name="test1663" time="0"/>
  <testcase classname="RegressionTest3" name="test1664" time="0"/>
  <testcase classname="RegressionTest3" name="test1665" time="0"/>
  <testcase classname="RegressionTest3" name="test1666" time="0"/>
  <testcase classname="RegressionTest3" name="test1667" time="0"/>
  <testcase classname="RegressionTest3" name="test1668" time="0"/>
  <testcase classname="RegressionTest3" name="test1669" time="0"/>
  <testcase classname="RegressionTest3" name="test1670" time="0"/>
  <testcase classname="RegressionTest3" name="test1671" time="0"/>
  <testcase classname="RegressionTest3" name="test1672" time="0"/>
  <testcase classname="RegressionTest3" name="test1673" time="0"/>
  <testcase classname="RegressionTest3" name="test1674" time="0"/>
  <testcase classname="RegressionTest3" name="test1675" time="0"/>
  <testcase classname="RegressionTest3" name="test1676" time="0"/>
  <testcase classname="RegressionTest3" name="test1677" time="0"/>
  <testcase classname="RegressionTest3" name="test1678" time="0"/>
  <testcase classname="RegressionTest3" name="test1679" time="0"/>
  <testcase classname="RegressionTest3" name="test1680" time="0"/>
  <testcase classname="RegressionTest3" name="test1681" time="0"/>
  <testcase classname="RegressionTest3" name="test1682" time="0"/>
  <testcase classname="RegressionTest3" name="test1683" time="0"/>
  <testcase classname="RegressionTest3" name="test1684" time="0"/>
  <testcase classname="RegressionTest3" name="test1685" time="0"/>
  <testcase classname="RegressionTest3" name="test1686" time="0"/>
  <testcase classname="RegressionTest3" name="test1687" time="0"/>
  <testcase classname="RegressionTest3" name="test1688" time="0"/>
  <testcase classname="RegressionTest3" name="test1689" time="0"/>
  <testcase classname="RegressionTest3" name="test1690" time="0"/>
  <testcase classname="RegressionTest3" name="test1691" time="0"/>
  <testcase classname="RegressionTest3" name="test1692" time="0"/>
  <testcase classname="RegressionTest3" name="test1693" time="0"/>
  <testcase classname="RegressionTest3" name="test1694" time="0"/>
  <testcase classname="RegressionTest3" name="test1695" time="0"/>
  <testcase classname="RegressionTest3" name="test1696" time="0"/>
  <testcase classname="RegressionTest3" name="test1697" time="0"/>
  <testcase classname="RegressionTest3" name="test1698" time="0"/>
  <testcase classname="RegressionTest3" name="test1699" time="0.001"/>
  <testcase classname="RegressionTest3" name="test1700" time="0"/>
  <testcase classname="RegressionTest3" name="test1701" time="0.002"/>
  <testcase classname="RegressionTest3" name="test1702" time="0"/>
  <testcase classname="RegressionTest3" name="test1703" time="0.002"/>
  <testcase classname="RegressionTest3" name="test1704" time="0"/>
  <testcase classname="RegressionTest3" name="test1705" time="0"/>
  <testcase classname="RegressionTest3" name="test1706" time="0"/>
  <testcase classname="RegressionTest3" name="test1707" time="0"/>
  <testcase classname="RegressionTest3" name="test1708" time="0"/>
  <testcase classname="RegressionTest3" name="test1709" time="0"/>
  <testcase classname="RegressionTest3" name="test1710" time="0"/>
  <testcase classname="RegressionTest3" name="test1711" time="0"/>
  <testcase classname="RegressionTest3" name="test1712" time="0"/>
  <testcase classname="RegressionTest3" name="test1713" time="0"/>
  <testcase classname="RegressionTest3" name="test1714" time="0"/>
  <testcase classname="RegressionTest3" name="test1715" time="0"/>
  <testcase classname="RegressionTest3" name="test1716" time="0"/>
  <testcase classname="RegressionTest3" name="test1717" time="0"/>
  <testcase classname="RegressionTest3" name="test1718" time="0"/>
  <testcase classname="RegressionTest3" name="test1719" time="0"/>
  <testcase classname="RegressionTest3" name="test1720" time="0"/>
  <testcase classname="RegressionTest3" name="test1721" time="0"/>
  <testcase classname="RegressionTest3" name="test1722" time="0"/>
  <testcase classname="RegressionTest3" name="test1723" time="0"/>
  <testcase classname="RegressionTest3" name="test1724" time="0"/>
  <testcase classname="RegressionTest3" name="test1725" time="0"/>
  <testcase classname="RegressionTest3" name="test1726" time="0"/>
  <testcase classname="RegressionTest3" name="test1727" time="0.077"/>
  <testcase classname="RegressionTest3" name="test1728" time="0"/>
  <testcase classname="RegressionTest3" name="test1729" time="0"/>
  <testcase classname="RegressionTest3" name="test1730" time="0"/>
  <testcase classname="RegressionTest3" name="test1731" time="0"/>
  <testcase classname="RegressionTest3" name="test1732" time="0"/>
  <testcase classname="RegressionTest3" name="test1733" time="0"/>
  <testcase classname="RegressionTest3" name="test1734" time="0"/>
  <testcase classname="RegressionTest3" name="test1735" time="0"/>
  <testcase classname="RegressionTest3" name="test1736" time="0"/>
  <testcase classname="RegressionTest3" name="test1737" time="0"/>
  <testcase classname="RegressionTest3" name="test1738" time="0"/>
  <testcase classname="RegressionTest3" name="test1739" time="0"/>
  <testcase classname="RegressionTest3" name="test1740" time="0"/>
  <testcase classname="RegressionTest3" name="test1741" time="0"/>
  <testcase classname="RegressionTest3" name="test1742" time="0"/>
  <testcase classname="RegressionTest3" name="test1743" time="0"/>
  <testcase classname="RegressionTest3" name="test1744" time="0"/>
  <testcase classname="RegressionTest3" name="test1745" time="0"/>
  <testcase classname="RegressionTest3" name="test1746" time="0"/>
  <testcase classname="RegressionTest3" name="test1747" time="0"/>
  <testcase classname="RegressionTest3" name="test1748" time="0"/>
  <testcase classname="RegressionTest3" name="test1749" time="0"/>
  <testcase classname="RegressionTest3" name="test1750" time="0"/>
  <testcase classname="RegressionTest3" name="test1751" time="0"/>
  <testcase classname="RegressionTest3" name="test1752" time="0"/>
  <testcase classname="RegressionTest3" name="test1753" time="0"/>
  <testcase classname="RegressionTest3" name="test1754" time="0"/>
  <testcase classname="RegressionTest3" name="test1755" time="0"/>
  <testcase classname="RegressionTest3" name="test1756" time="0"/>
  <testcase classname="RegressionTest3" name="test1757" time="0"/>
  <testcase classname="RegressionTest3" name="test1758" time="0"/>
  <testcase classname="RegressionTest3" name="test1759" time="0"/>
  <testcase classname="RegressionTest3" name="test1760" time="0"/>
  <testcase classname="RegressionTest3" name="test1761" time="0"/>
  <testcase classname="RegressionTest3" name="test1762" time="0"/>
  <testcase classname="RegressionTest3" name="test1763" time="0"/>
  <testcase classname="RegressionTest3" name="test1764" time="0"/>
  <testcase classname="RegressionTest3" name="test1765" time="0"/>
  <testcase classname="RegressionTest3" name="test1766" time="0"/>
  <testcase classname="RegressionTest3" name="test1767" time="0"/>
  <testcase classname="RegressionTest3" name="test1768" time="0"/>
  <testcase classname="RegressionTest3" name="test1769" time="0"/>
  <testcase classname="RegressionTest3" name="test1770" time="0"/>
  <testcase classname="RegressionTest3" name="test1771" time="0"/>
  <testcase classname="RegressionTest3" name="test1772" time="0"/>
  <testcase classname="RegressionTest3" name="test1773" time="0"/>
  <testcase classname="RegressionTest3" name="test1774" time="0"/>
  <testcase classname="RegressionTest3" name="test1775" time="0"/>
  <testcase classname="RegressionTest3" name="test1776" time="0"/>
  <testcase classname="RegressionTest3" name="test1777" time="0"/>
  <testcase classname="RegressionTest3" name="test1778" time="0"/>
  <testcase classname="RegressionTest3" name="test1779" time="0"/>
  <testcase classname="RegressionTest3" name="test1780" time="0.001"/>
  <testcase classname="RegressionTest3" name="test1781" time="0"/>
  <testcase classname="RegressionTest3" name="test1782" time="0"/>
  <testcase classname="RegressionTest3" name="test1783" time="0"/>
  <testcase classname="RegressionTest3" name="test1784" time="0"/>
  <testcase classname="RegressionTest3" name="test1785" time="0"/>
  <testcase classname="RegressionTest3" name="test1786" time="0"/>
  <testcase classname="RegressionTest3" name="test1787" time="0"/>
  <testcase classname="RegressionTest3" name="test1788" time="0"/>
  <testcase classname="RegressionTest3" name="test1789" time="0"/>
  <testcase classname="RegressionTest3" name="test1790" time="0"/>
  <testcase classname="RegressionTest3" name="test1791" time="0"/>
  <testcase classname="RegressionTest3" name="test1792" time="0"/>
  <testcase classname="RegressionTest3" name="test1793" time="0"/>
  <testcase classname="RegressionTest3" name="test1794" time="0"/>
  <testcase classname="RegressionTest3" name="test1795" time="0"/>
  <testcase classname="RegressionTest3" name="test1796" time="0"/>
  <testcase classname="RegressionTest3" name="test1797" time="0"/>
  <testcase classname="RegressionTest3" name="test1798" time="0"/>
  <testcase classname="RegressionTest3" name="test1799" time="0"/>
  <testcase classname="RegressionTest3" name="test1800" time="0"/>
  <testcase classname="RegressionTest3" name="test1801" time="0"/>
  <testcase classname="RegressionTest3" name="test1802" time="0"/>
  <testcase classname="RegressionTest3" name="test1803" time="0.001"/>
  <testcase classname="RegressionTest3" name="test1804" time="0"/>
  <testcase classname="RegressionTest3" name="test1805" time="0"/>
  <testcase classname="RegressionTest3" name="test1806" time="0"/>
  <testcase classname="RegressionTest3" name="test1807" time="0"/>
  <testcase classname="RegressionTest3" name="test1808" time="0"/>
  <testcase classname="RegressionTest3" name="test1809" time="0"/>
  <testcase classname="RegressionTest3" name="test1810" time="0"/>
  <testcase classname="RegressionTest3" name="test1811" time="0"/>
  <testcase classname="RegressionTest3" name="test1812" time="0.001"/>
  <testcase classname="RegressionTest3" name="test1813" time="0"/>
  <testcase classname="RegressionTest3" name="test1814" time="0"/>
  <testcase classname="RegressionTest3" name="test1815" time="0"/>
  <testcase classname="RegressionTest3" name="test1816" time="0"/>
  <testcase classname="RegressionTest3" name="test1817" time="0"/>
  <testcase classname="RegressionTest3" name="test1818" time="0"/>
  <testcase classname="RegressionTest3" name="test1819" time="0"/>
  <testcase classname="RegressionTest3" name="test1820" time="0"/>
  <testcase classname="RegressionTest3" name="test1821" time="0"/>
  <testcase classname="RegressionTest3" name="test1822" time="0"/>
  <testcase classname="RegressionTest3" name="test1823" time="0"/>
  <testcase classname="RegressionTest3" name="test1824" time="0"/>
  <testcase classname="RegressionTest3" name="test1825" time="0"/>
  <testcase classname="RegressionTest3" name="test1826" time="0"/>
  <testcase classname="RegressionTest3" name="test1827" time="0"/>
  <testcase classname="RegressionTest3" name="test1828" time="0"/>
  <testcase classname="RegressionTest3" name="test1829" time="0"/>
  <testcase classname="RegressionTest3" name="test1830" time="0"/>
  <testcase classname="RegressionTest3" name="test1831" time="0"/>
  <testcase classname="RegressionTest3" name="test1832" time="0"/>
  <testcase classname="RegressionTest3" name="test1833" time="0"/>
  <testcase classname="RegressionTest3" name="test1834" time="0"/>
  <testcase classname="RegressionTest3" name="test1835" time="0"/>
  <testcase classname="RegressionTest3" name="test1836" time="0"/>
  <testcase classname="RegressionTest3" name="test1837" time="0"/>
  <testcase classname="RegressionTest3" name="test1838" time="0"/>
  <testcase classname="RegressionTest3" name="test1839" time="0"/>
  <testcase classname="RegressionTest3" name="test1840" time="0"/>
  <testcase classname="RegressionTest3" name="test1841" time="0"/>
  <testcase classname="RegressionTest3" name="test1842" time="0"/>
  <testcase classname="RegressionTest3" name="test1843" time="0"/>
  <testcase classname="RegressionTest3" name="test1844" time="0"/>
  <testcase classname="RegressionTest3" name="test1845" time="0"/>
  <testcase classname="RegressionTest3" name="test1846" time="0"/>
  <testcase classname="RegressionTest3" name="test1847" time="0"/>
  <testcase classname="RegressionTest3" name="test1848" time="0"/>
  <testcase classname="RegressionTest3" name="test1849" time="0"/>
  <testcase classname="RegressionTest3" name="test1850" time="0"/>
  <testcase classname="RegressionTest3" name="test1851" time="0.001"/>
  <testcase classname="RegressionTest3" name="test1852" time="0"/>
  <testcase classname="RegressionTest3" name="test1853" time="0"/>
  <testcase classname="RegressionTest3" name="test1854" time="0"/>
  <testcase classname="RegressionTest3" name="test1855" time="0"/>
  <testcase classname="RegressionTest3" name="test1856" time="0"/>
  <testcase classname="RegressionTest3" name="test1857" time="0"/>
  <testcase classname="RegressionTest3" name="test1858" time="0"/>
  <testcase classname="RegressionTest3" name="test1859" time="0"/>
  <testcase classname="RegressionTest3" name="test1860" time="0"/>
  <testcase classname="RegressionTest3" name="test1861" time="0"/>
  <testcase classname="RegressionTest3" name="test1862" time="0"/>
  <testcase classname="RegressionTest3" name="test1863" time="0"/>
  <testcase classname="RegressionTest3" name="test1864" time="0.003"/>
  <testcase classname="RegressionTest3" name="test1865" time="0"/>
  <testcase classname="RegressionTest3" name="test1866" time="0"/>
  <testcase classname="RegressionTest3" name="test1867" time="0"/>
  <testcase classname="RegressionTest3" name="test1868" time="0"/>
  <testcase classname="RegressionTest3" name="test1869" time="0"/>
  <testcase classname="RegressionTest3" name="test1870" time="0"/>
  <testcase classname="RegressionTest3" name="test1871" time="0"/>
  <testcase classname="RegressionTest3" name="test1872" time="0"/>
  <testcase classname="RegressionTest3" name="test1873" time="0"/>
  <testcase classname="RegressionTest3" name="test1874" time="0"/>
  <testcase classname="RegressionTest3" name="test1875" time="0"/>
  <testcase classname="RegressionTest3" name="test1876" time="0.01"/>
  <testcase classname="RegressionTest3" name="test1877" time="0"/>
  <testcase classname="RegressionTest3" name="test1878" time="0"/>
  <testcase classname="RegressionTest3" name="test1879" time="0"/>
  <testcase classname="RegressionTest3" name="test1880" time="0"/>
  <testcase classname="RegressionTest3" name="test1881" time="0"/>
  <testcase classname="RegressionTest3" name="test1882" time="0"/>
  <testcase classname="RegressionTest3" name="test1883" time="0"/>
  <testcase classname="RegressionTest3" name="test1884" time="0"/>
  <testcase classname="RegressionTest3" name="test1885" time="0.001"/>
  <testcase classname="RegressionTest3" name="test1886" time="0"/>
  <testcase classname="RegressionTest3" name="test1887" time="0"/>
  <testcase classname="RegressionTest3" name="test1888" time="0"/>
  <testcase classname="RegressionTest3" name="test1889" time="0"/>
  <testcase classname="RegressionTest3" name="test1890" time="0"/>
  <testcase classname="RegressionTest3" name="test1891" time="0"/>
  <testcase classname="RegressionTest3" name="test1892" time="0"/>
  <testcase classname="RegressionTest3" name="test1893" time="0"/>
  <testcase classname="RegressionTest3" name="test1894" time="0"/>
  <testcase classname="RegressionTest3" name="test1895" time="0"/>
  <testcase classname="RegressionTest3" name="test1896" time="0"/>
  <testcase classname="RegressionTest3" name="test1897" time="0"/>
  <testcase classname="RegressionTest3" name="test1898" time="0"/>
  <testcase classname="RegressionTest3" name="test1899" time="0"/>
  <testcase classname="RegressionTest3" name="test1900" time="0"/>
  <testcase classname="RegressionTest3" name="test1901" time="0"/>
  <testcase classname="RegressionTest3" name="test1902" time="0.001"/>
  <testcase classname="RegressionTest3" name="test1903" time="0"/>
  <testcase classname="RegressionTest3" name="test1904" time="0"/>
  <testcase classname="RegressionTest3" name="test1905" time="0"/>
  <testcase classname="RegressionTest3" name="test1906" time="0"/>
  <testcase classname="RegressionTest3" name="test1907" time="0"/>
  <testcase classname="RegressionTest3" name="test1908" time="0"/>
  <testcase classname="RegressionTest3" name="test1909" time="0"/>
  <testcase classname="RegressionTest3" name="test1910" time="0"/>
  <testcase classname="RegressionTest3" name="test1911" time="0"/>
  <testcase classname="RegressionTest3" name="test1912" time="0"/>
  <testcase classname="RegressionTest3" name="test1913" time="0"/>
  <testcase classname="RegressionTest3" name="test1914" time="0"/>
  <testcase classname="RegressionTest3" name="test1915" time="0"/>
  <testcase classname="RegressionTest3" name="test1916" time="0"/>
  <testcase classname="RegressionTest3" name="test1917" time="0"/>
  <testcase classname="RegressionTest3" name="test1918" time="0"/>
  <testcase classname="RegressionTest3" name="test1919" time="0"/>
  <testcase classname="RegressionTest3" name="test1920" time="0"/>
  <testcase classname="RegressionTest3" name="test1921" time="0"/>
  <testcase classname="RegressionTest3" name="test1922" time="0"/>
  <testcase classname="RegressionTest3" name="test1923" time="0"/>
  <testcase classname="RegressionTest3" name="test1924" time="0"/>
  <testcase classname="RegressionTest3" name="test1925" time="0"/>
  <testcase classname="RegressionTest3" name="test1926" time="0"/>
  <testcase classname="RegressionTest3" name="test1927" time="0"/>
  <testcase classname="RegressionTest3" name="test1928" time="0"/>
  <testcase classname="RegressionTest3" name="test1929" time="0.001"/>
  <testcase classname="RegressionTest3" name="test1930" time="0"/>
  <testcase classname="RegressionTest3" name="test1931" time="0"/>
  <testcase classname="RegressionTest3" name="test1932" time="0"/>
  <testcase classname="RegressionTest3" name="test1933" time="0"/>
  <testcase classname="RegressionTest3" name="test1934" time="0"/>
  <testcase classname="RegressionTest3" name="test1935" time="0"/>
  <testcase classname="RegressionTest3" name="test1936" time="0"/>
  <testcase classname="RegressionTest3" name="test1937" time="0"/>
  <testcase classname="RegressionTest3" name="test1938" time="0"/>
  <testcase classname="RegressionTest3" name="test1939" time="0"/>
  <testcase classname="RegressionTest3" name="test1940" time="0"/>
  <testcase classname="RegressionTest3" name="test1941" time="0"/>
  <testcase classname="RegressionTest3" name="test1942" time="0"/>
  <testcase classname="RegressionTest3" name="test1943" time="0"/>
  <testcase classname="RegressionTest3" name="test1944" time="0"/>
  <testcase classname="RegressionTest3" name="test1945" time="0"/>
  <testcase classname="RegressionTest3" name="test1946" time="0"/>
  <testcase classname="RegressionTest3" name="test1947" time="0"/>
  <testcase classname="RegressionTest3" name="test1948" time="0"/>
  <testcase classname="RegressionTest3" name="test1949" time="0"/>
  <testcase classname="RegressionTest3" name="test1950" time="0"/>
  <testcase classname="RegressionTest3" name="test1951" time="0"/>
  <testcase classname="RegressionTest3" name="test1952" time="0"/>
  <testcase classname="RegressionTest3" name="test1953" time="0"/>
  <testcase classname="RegressionTest3" name="test1954" time="0"/>
  <testcase classname="RegressionTest3" name="test1955" time="0"/>
  <testcase classname="RegressionTest3" name="test1956" time="0"/>
  <testcase classname="RegressionTest3" name="test1957" time="0.001"/>
  <testcase classname="RegressionTest3" name="test1958" time="0"/>
  <testcase classname="RegressionTest3" name="test1959" time="0"/>
  <testcase classname="RegressionTest3" name="test1960" time="0"/>
  <testcase classname="RegressionTest3" name="test1961" time="0"/>
  <testcase classname="RegressionTest3" name="test1962" time="0"/>
  <testcase classname="RegressionTest3" name="test1963" time="0"/>
  <testcase classname="RegressionTest3" name="test1964" time="0"/>
  <testcase classname="RegressionTest3" name="test1965" time="0"/>
  <testcase classname="RegressionTest3" name="test1966" time="0"/>
  <testcase classname="RegressionTest3" name="test1967" time="0"/>
  <testcase classname="RegressionTest3" name="test1968" time="0"/>
  <testcase classname="RegressionTest3" name="test1969" time="0"/>
  <testcase classname="RegressionTest3" name="test1970" time="0"/>
  <testcase classname="RegressionTest3" name="test1971" time="0"/>
  <testcase classname="RegressionTest3" name="test1972" time="0"/>
  <testcase classname="RegressionTest3" name="test1973" time="0"/>
  <testcase classname="RegressionTest3" name="test1974" time="0"/>
  <testcase classname="RegressionTest3" name="test1975" time="0"/>
  <testcase classname="RegressionTest3" name="test1976" time="0"/>
  <testcase classname="RegressionTest3" name="test1977" time="0"/>
  <testcase classname="RegressionTest3" name="test1978" time="0"/>
  <testcase classname="RegressionTest3" name="test1979" time="0"/>
  <testcase classname="RegressionTest3" name="test1980" time="0"/>
  <testcase classname="RegressionTest3" name="test1981" time="0"/>
  <testcase classname="RegressionTest3" name="test1982" time="0"/>
  <testcase classname="RegressionTest3" name="test1983" time="0"/>
  <testcase classname="RegressionTest3" name="test1984" time="0"/>
  <testcase classname="RegressionTest3" name="test1985" time="0"/>
  <testcase classname="RegressionTest3" name="test1986" time="0"/>
  <testcase classname="RegressionTest3" name="test1987" time="0"/>
  <testcase classname="RegressionTest3" name="test1988" time="0"/>
  <testcase classname="RegressionTest3" name="test1989" time="0"/>
  <testcase classname="RegressionTest3" name="test1990" time="0"/>
  <testcase classname="RegressionTest3" name="test1991" time="0"/>
  <testcase classname="RegressionTest3" name="test1992" time="0"/>
  <testcase classname="RegressionTest3" name="test1993" time="0"/>
  <testcase classname="RegressionTest3" name="test1994" time="0"/>
  <testcase classname="RegressionTest3" name="test1995" time="0"/>
  <testcase classname="RegressionTest3" name="test1996" time="0"/>
  <testcase classname="RegressionTest3" name="test1997" time="0"/>
  <testcase classname="RegressionTest3" name="test1998" time="0"/>
  <testcase classname="RegressionTest3" name="test1999" time="0"/>
  <testcase classname="RegressionTest3" name="test2000" time="0"/>
  <testcase classname="RegressionTest4" name="test2001" time="0"/>
  <testcase classname="RegressionTest4" name="test2002" time="0.001"/>
  <testcase classname="RegressionTest4" name="test2003" time="0"/>
  <testcase classname="RegressionTest4" name="test2004" time="0"/>
  <testcase classname="RegressionTest4" name="test2005" time="0"/>
  <testcase classname="RegressionTest4" name="test2006" time="0"/>
  <testcase classname="RegressionTest4" name="test2007" time="0"/>
  <testcase classname="RegressionTest4" name="test2008" time="0"/>
  <testcase classname="RegressionTest4" name="test2009" time="0"/>
  <testcase classname="RegressionTest4" name="test2010" time="0"/>
  <testcase classname="RegressionTest4" name="test2011" time="0"/>
  <testcase classname="RegressionTest4" name="test2012" time="0"/>
  <testcase classname="RegressionTest4" name="test2013" time="0"/>
  <testcase classname="RegressionTest4" name="test2014" time="0"/>
  <testcase classname="RegressionTest4" name="test2015" time="0"/>
  <testcase classname="RegressionTest4" name="test2016" time="0"/>
  <testcase classname="RegressionTest4" name="test2017" time="0"/>
  <testcase classname="RegressionTest4" name="test2018" time="0"/>
  <testcase classname="RegressionTest4" name="test2019" time="0"/>
  <testcase classname="RegressionTest4" name="test2020" time="0"/>
  <testcase classname="RegressionTest4" name="test2021" time="0"/>
  <testcase classname="RegressionTest4" name="test2022" time="0"/>
  <testcase classname="RegressionTest4" name="test2023" time="0"/>
  <testcase classname="RegressionTest4" name="test2024" time="0"/>
  <testcase classname="RegressionTest4" name="test2025" time="0"/>
  <testcase classname="RegressionTest4" name="test2026" time="0"/>
  <testcase classname="RegressionTest4" name="test2027" time="0"/>
  <testcase classname="RegressionTest4" name="test2028" time="0"/>
  <testcase classname="RegressionTest4" name="test2029" time="0.002"/>
  <testcase classname="RegressionTest4" name="test2030" time="0"/>
  <testcase classname="RegressionTest4" name="test2031" time="0"/>
  <testcase classname="RegressionTest4" name="test2032" time="0"/>
  <testcase classname="RegressionTest4" name="test2033" time="0"/>
  <testcase classname="RegressionTest4" name="test2034" time="0"/>
  <testcase classname="RegressionTest4" name="test2035" time="0"/>
  <testcase classname="RegressionTest4" name="test2036" time="0"/>
  <testcase classname="RegressionTest4" name="test2037" time="0"/>
  <testcase classname="RegressionTest4" name="test2038" time="0"/>
  <testcase classname="RegressionTest4" name="test2039" time="0"/>
  <testcase classname="RegressionTest4" name="test2040" time="0"/>
  <testcase classname="RegressionTest4" name="test2041" time="0"/>
  <testcase classname="RegressionTest4" name="test2042" time="0"/>
  <testcase classname="RegressionTest4" name="test2043" time="0"/>
  <testcase classname="RegressionTest4" name="test2044" time="0"/>
  <testcase classname="RegressionTest4" name="test2045" time="0"/>
  <testcase classname="RegressionTest4" name="test2046" time="0"/>
  <testcase classname="RegressionTest4" name="test2047" time="0"/>
  <testcase classname="RegressionTest4" name="test2048" time="0"/>
  <testcase classname="RegressionTest4" name="test2049" time="0"/>
  <testcase classname="RegressionTest4" name="test2050" time="0"/>
  <testcase classname="RegressionTest4" name="test2051" time="0"/>
  <testcase classname="RegressionTest4" name="test2052" time="0"/>
  <testcase classname="RegressionTest4" name="test2053" time="0"/>
  <testcase classname="RegressionTest4" name="test2054" time="0"/>
  <testcase classname="RegressionTest4" name="test2055" time="0"/>
  <testcase classname="RegressionTest4" name="test2056" time="0"/>
  <testcase classname="RegressionTest4" name="test2057" time="0"/>
  <testcase classname="RegressionTest4" name="test2058" time="0"/>
  <testcase classname="RegressionTest4" name="test2059" time="0"/>
  <testcase classname="RegressionTest4" name="test2060" time="0"/>
  <testcase classname="RegressionTest4" name="test2061" time="0.001"/>
  <testcase classname="RegressionTest4" name="test2062" time="0"/>
  <testcase classname="RegressionTest4" name="test2063" time="0"/>
  <testcase classname="RegressionTest4" name="test2064" time="0"/>
  <testcase classname="RegressionTest4" name="test2065" time="0"/>
  <testcase classname="RegressionTest4" name="test2066" time="0"/>
  <testcase classname="RegressionTest4" name="test2067" time="0"/>
  <testcase classname="RegressionTest4" name="test2068" time="0"/>
  <testcase classname="RegressionTest4" name="test2069" time="0.001"/>
  <testcase classname="RegressionTest4" name="test2070" time="0"/>
  <testcase classname="RegressionTest4" name="test2071" time="0"/>
  <testcase classname="RegressionTest4" name="test2072" time="0"/>
  <testcase classname="RegressionTest4" name="test2073" time="0"/>
  <testcase classname="RegressionTest4" name="test2074" time="0"/>
  <testcase classname="RegressionTest4" name="test2075" time="0"/>
  <testcase classname="RegressionTest4" name="test2076" time="0"/>
  <testcase classname="RegressionTest4" name="test2077" time="0"/>
  <testcase classname="RegressionTest4" name="test2078" time="0"/>
  <testcase classname="RegressionTest4" name="test2079" time="0"/>
  <testcase classname="RegressionTest4" name="test2080" time="0"/>
  <testcase classname="RegressionTest4" name="test2081" time="0"/>
  <testcase classname="RegressionTest4" name="test2082" time="0"/>
  <testcase classname="RegressionTest4" name="test2083" time="0"/>
  <testcase classname="RegressionTest4" name="test2084" time="0.001"/>
  <testcase classname="RegressionTest4" name="test2085" time="0"/>
  <testcase classname="RegressionTest4" name="test2086" time="0"/>
  <testcase classname="RegressionTest4" name="test2087" time="0"/>
  <testcase classname="RegressionTest4" name="test2088" time="0"/>
  <testcase classname="RegressionTest4" name="test2089" time="0"/>
  <testcase classname="RegressionTest4" name="test2090" time="0"/>
  <testcase classname="RegressionTest4" name="test2091" time="0"/>
  <testcase classname="RegressionTest4" name="test2092" time="0"/>
  <testcase classname="RegressionTest4" name="test2093" time="0"/>
  <testcase classname="RegressionTest4" name="test2094" time="0"/>
  <testcase classname="RegressionTest4" name="test2095" time="0"/>
  <testcase classname="RegressionTest4" name="test2096" time="0"/>
  <testcase classname="RegressionTest4" name="test2097" time="0"/>
  <testcase classname="RegressionTest4" name="test2098" time="0"/>
  <testcase classname="RegressionTest4" name="test2099" time="0"/>
  <testcase classname="RegressionTest4" name="test2100" time="0"/>
  <testcase classname="RegressionTest4" name="test2101" time="0"/>
  <testcase classname="RegressionTest4" name="test2102" time="0"/>
  <testcase classname="RegressionTest4" name="test2103" time="0"/>
  <testcase classname="RegressionTest4" name="test2104" time="0"/>
  <testcase classname="RegressionTest4" name="test2105" time="0"/>
  <testcase classname="RegressionTest4" name="test2106" time="0"/>
  <testcase classname="RegressionTest4" name="test2107" time="0"/>
  <testcase classname="RegressionTest4" name="test2108" time="0"/>
  <testcase classname="RegressionTest4" name="test2109" time="0"/>
  <testcase classname="RegressionTest4" name="test2110" time="0"/>
  <testcase classname="RegressionTest5" name="test3001" time="0"/>
  <testcase classname="RegressionTest5" name="test3002" time="0"/>
  <testcase classname="RegressionTest5" name="test3003" time="0"/>
  <testcase classname="RegressionTest5" name="test3004" time="0"/>
</testsuite>